{"/home/lucas/Proyectos/Prueba Whatsapp/src/application/SessionLeadManager.ts": {"path":"/home/lucas/Proyectos/Prueba Whatsapp/src/application/SessionLeadManager.ts","statementMap":{"0":{"start":{"line":1,"column":0},"end":{"line":1,"column":80}},"1":{"start":{"line":3,"column":0},"end":{"line":3,"column":56}},"2":{"start":{"line":7,"column":61},"end":{"line":7,"column":70}},"3":{"start":{"line":9,"column":22},"end":{"line":9,"column":52}},"4":{"start":{"line":15,"column":4},"end":{"line":17,"column":5}},"5":{"start":{"line":16,"column":6},"end":{"line":16,"column":42}},"6":{"start":{"line":18,"column":4},"end":{"line":25,"column":5}},"7":{"start":{"line":19,"column":19},"end":{"line":19,"column":51}},"8":{"start":{"line":20,"column":6},"end":{"line":24,"column":7}},"9":{"start":{"line":21,"column":8},"end":{"line":23,"column":9}},"10":{"start":{"line":22,"column":10},"end":{"line":22,"column":26}},"11":{"start":{"line":32,"column":4},"end":{"line":32,"column":50}},"12":{"start":{"line":39,"column":16},"end":{"line":39,"column":51}},"13":{"start":{"line":40,"column":4},"end":{"line":40,"column":70}},"14":{"start":{"line":47,"column":4},"end":{"line":49,"column":5}},"15":{"start":{"line":48,"column":6},"end":{"line":48,"column":42}},"16":{"start":{"line":50,"column":17},"end":{"line":50,"column":49}},"17":{"start":{"line":51,"column":4},"end":{"line":51,"column":22}},"18":{"start":{"line":58,"column":4},"end":{"line":58,"column":45}},"19":{"start":{"line":65,"column":4},"end":{"line":69,"column":5}},"20":{"start":{"line":66,"column":6},"end":{"line":66,"column":34}},"21":{"start":{"line":68,"column":6},"end":{"line":68,"column":23}},"22":{"start":{"line":76,"column":4},"end":{"line":80,"column":5}},"23":{"start":{"line":77,"column":6},"end":{"line":77,"column":31}},"24":{"start":{"line":79,"column":6},"end":{"line":79,"column":23}},"25":{"start":{"line":88,"column":17},"end":{"line":88,"column":48}},"26":{"start":{"line":89,"column":4},"end":{"line":89,"column":22}},"27":{"start":{"line":89,"column":15},"end":{"line":89,"column":22}},"28":{"start":{"line":91,"column":19},"end":{"line":91,"column":44}},"29":{"start":{"line":92,"column":24},"end":{"line":92,"column":110}},"30":{"start":{"line":93,"column":21},"end":{"line":93,"column":105}},"31":{"start":{"line":96,"column":21},"end":{"line":96,"column":52}},"32":{"start":{"line":97,"column":18},"end":{"line":97,"column":43}},"33":{"start":{"line":100,"column":4},"end":{"line":128,"column":5}},"34":{"start":{"line":101,"column":36},"end":{"line":106,"column":8}},"35":{"start":{"line":107,"column":6},"end":{"line":107,"column":65}},"36":{"start":{"line":110,"column":9},"end":{"line":128,"column":5}},"37":{"start":{"line":111,"column":33},"end":{"line":116,"column":8}},"38":{"start":{"line":117,"column":6},"end":{"line":117,"column":62}},"39":{"start":{"line":120,"column":9},"end":{"line":128,"column":5}},"40":{"start":{"line":121,"column":33},"end":{"line":126,"column":8}},"41":{"start":{"line":127,"column":6},"end":{"line":127,"column":62}},"42":{"start":{"line":131,"column":4},"end":{"line":131,"column":39}},"43":{"start":{"line":5,"column":0},"end":{"line":5,"column":13}}},"fnMap":{"0":{"name":"(anonymous_0)","decl":{"start":{"line":9,"column":2},"end":{"line":9,"column":22}},"loc":{"start":{"line":9,"column":52},"end":{"line":9,"column":56}}},"1":{"name":"(anonymous_1)","decl":{"start":{"line":14,"column":2},"end":{"line":14,"column":13}},"loc":{"start":{"line":14,"column":69},"end":{"line":26,"column":3}}},"2":{"name":"(anonymous_2)","decl":{"start":{"line":31,"column":2},"end":{"line":31,"column":16}},"loc":{"start":{"line":31,"column":47},"end":{"line":33,"column":3}}},"3":{"name":"(anonymous_3)","decl":{"start":{"line":38,"column":2},"end":{"line":38,"column":15}},"loc":{"start":{"line":38,"column":46},"end":{"line":41,"column":3}}},"4":{"name":"(anonymous_4)","decl":{"start":{"line":46,"column":2},"end":{"line":46,"column":9}},"loc":{"start":{"line":46,"column":55},"end":{"line":52,"column":3}}},"5":{"name":"(anonymous_5)","decl":{"start":{"line":57,"column":2},"end":{"line":57,"column":15}},"loc":{"start":{"line":57,"column":42},"end":{"line":59,"column":3}}},"6":{"name":"(anonymous_6)","decl":{"start":{"line":64,"column":10},"end":{"line":64,"column":23}},"loc":{"start":{"line":64,"column":36},"end":{"line":70,"column":3}}},"7":{"name":"(anonymous_7)","decl":{"start":{"line":75,"column":10},"end":{"line":75,"column":20}},"loc":{"start":{"line":75,"column":33},"end":{"line":81,"column":3}}},"8":{"name":"(anonymous_8)","decl":{"start":{"line":87,"column":2},"end":{"line":87,"column":7}},"loc":{"start":{"line":87,"column":41},"end":{"line":132,"column":3}}}},"branchMap":{"0":{"loc":{"start":{"line":15,"column":4},"end":{"line":17,"column":5}},"type":"if","locations":[{"start":{"line":15,"column":4},"end":{"line":17,"column":5}},{"start":{},"end":{}}]},"1":{"loc":{"start":{"line":18,"column":4},"end":{"line":25,"column":5}},"type":"if","locations":[{"start":{"line":18,"column":4},"end":{"line":25,"column":5}},{"start":{},"end":{}}]},"2":{"loc":{"start":{"line":21,"column":8},"end":{"line":23,"column":9}},"type":"if","locations":[{"start":{"line":21,"column":8},"end":{"line":23,"column":9}},{"start":{},"end":{}}]},"3":{"loc":{"start":{"line":21,"column":12},"end":{"line":21,"column":56}},"type":"binary-expr","locations":[{"start":{"line":21,"column":12},"end":{"line":21,"column":15}},{"start":{"line":21,"column":19},"end":{"line":21,"column":56}}]},"4":{"loc":{"start":{"line":40,"column":11},"end":{"line":40,"column":69}},"type":"binary-expr","locations":[{"start":{"line":40,"column":11},"end":{"line":40,"column":28}},{"start":{"line":40,"column":32},"end":{"line":40,"column":69}}]},"5":{"loc":{"start":{"line":47,"column":4},"end":{"line":49,"column":5}},"type":"if","locations":[{"start":{"line":47,"column":4},"end":{"line":49,"column":5}},{"start":{},"end":{}}]},"6":{"loc":{"start":{"line":89,"column":4},"end":{"line":89,"column":22}},"type":"if","locations":[{"start":{"line":89,"column":4},"end":{"line":89,"column":22}},{"start":{},"end":{}}]},"7":{"loc":{"start":{"line":92,"column":24},"end":{"line":92,"column":110}},"type":"binary-expr","locations":[{"start":{"line":92,"column":24},"end":{"line":92,"column":49}},{"start":{"line":92,"column":53},"end":{"line":92,"column":69}},{"start":{"line":92,"column":73},"end":{"line":92,"column":104}},{"start":{"line":92,"column":108},"end":{"line":92,"column":110}}]},"8":{"loc":{"start":{"line":93,"column":21},"end":{"line":93,"column":105}},"type":"binary-expr","locations":[{"start":{"line":93,"column":21},"end":{"line":93,"column":47}},{"start":{"line":93,"column":51},"end":{"line":93,"column":64}},{"start":{"line":93,"column":68},"end":{"line":93,"column":99}},{"start":{"line":93,"column":103},"end":{"line":93,"column":105}}]},"9":{"loc":{"start":{"line":100,"column":4},"end":{"line":128,"column":5}},"type":"if","locations":[{"start":{"line":100,"column":4},"end":{"line":128,"column":5}},{"start":{"line":110,"column":9},"end":{"line":128,"column":5}}]},"10":{"loc":{"start":{"line":110,"column":9},"end":{"line":128,"column":5}},"type":"if","locations":[{"start":{"line":110,"column":9},"end":{"line":128,"column":5}},{"start":{"line":120,"column":9},"end":{"line":128,"column":5}}]},"11":{"loc":{"start":{"line":120,"column":9},"end":{"line":128,"column":5}},"type":"if","locations":[{"start":{"line":120,"column":9},"end":{"line":128,"column":5}},{"start":{},"end":{}}]},"12":{"loc":{"start":{"line":120,"column":13},"end":{"line":120,"column":40}},"type":"binary-expr","locations":[{"start":{"line":120,"column":13},"end":{"line":120,"column":19}},{"start":{"line":120,"column":23},"end":{"line":120,"column":31}},{"start":{"line":120,"column":35},"end":{"line":120,"column":40}}]}},"s":{"0":3,"1":3,"2":14,"3":14,"4":4,"5":4,"6":4,"7":4,"8":4,"9":5,"10":4,"11":8,"12":5,"13":5,"14":11,"15":4,"16":11,"17":11,"18":15,"19":6,"20":6,"21":2,"22":6,"23":6,"24":5,"25":9,"26":9,"27":3,"28":6,"29":6,"30":6,"31":6,"32":6,"33":6,"34":1,"35":1,"36":5,"37":1,"38":1,"39":4,"40":4,"41":4,"42":6,"43":3},"f":{"0":14,"1":4,"2":8,"3":5,"4":11,"5":15,"6":6,"7":6,"8":9},"b":{"0":[4,0],"1":[4,0],"2":[4,1],"3":[5,5],"4":[5,2],"5":[4,7],"6":[3,6],"7":[6,3,3,1],"8":[6,6,6,4],"9":[1,5],"10":[1,4],"11":[4,0],"12":[4,2,0]}}
,"/home/lucas/Proyectos/Prueba Whatsapp/src/config/config.ts": {"path":"/home/lucas/Proyectos/Prueba Whatsapp/src/config/config.ts","statementMap":{"0":{"start":{"line":24,"column":0},"end":{"line":24,"column":16}},"1":{"start":{"line":1,"column":0},"end":{"line":1,"column":25}},"2":{"start":{"line":2,"column":0},"end":{"line":2,"column":29}},"3":{"start":{"line":25,"column":23},"end":{"line":25,"column":76}},"4":{"start":{"line":27,"column":4},"end":{"line":45,"column":5}},"5":{"start":{"line":28,"column":28},"end":{"line":28,"column":64}},"6":{"start":{"line":29,"column":8},"end":{"line":29,"column":54}},"7":{"start":{"line":31,"column":8},"end":{"line":31,"column":98}},"8":{"start":{"line":32,"column":8},"end":{"line":44,"column":10}},"9":{"start":{"line":48,"column":4},"end":{"line":50,"column":5}},"10":{"start":{"line":49,"column":8},"end":{"line":49,"column":49}},"11":{"start":{"line":52,"column":4},"end":{"line":54,"column":5}},"12":{"start":{"line":53,"column":8},"end":{"line":53,"column":48}},"13":{"start":{"line":56,"column":4},"end":{"line":61,"column":5}},"14":{"start":{"line":57,"column":28},"end":{"line":57,"column":79}},"15":{"start":{"line":58,"column":8},"end":{"line":60,"column":9}},"16":{"start":{"line":59,"column":12},"end":{"line":59,"column":58}},"17":{"start":{"line":64,"column":4},"end":{"line":66,"column":5}},"18":{"start":{"line":65,"column":8},"end":{"line":65,"column":46}},"19":{"start":{"line":68,"column":15},"end":{"line":68,"column":47}},"20":{"start":{"line":71,"column":4},"end":{"line":71,"column":83}},"21":{"start":{"line":72,"column":4},"end":{"line":72,"column":86}},"22":{"start":{"line":73,"column":4},"end":{"line":73,"column":74}},"23":{"start":{"line":74,"column":4},"end":{"line":74,"column":81}},"24":{"start":{"line":77,"column":4},"end":{"line":77,"column":106}},"25":{"start":{"line":78,"column":4},"end":{"line":78,"column":117}},"26":{"start":{"line":81,"column":24},"end":{"line":81,"column":70}},"27":{"start":{"line":82,"column":4},"end":{"line":100,"column":5}},"28":{"start":{"line":83,"column":27},"end":{"line":83,"column":80}},"29":{"start":{"line":84,"column":34},"end":{"line":87,"column":null}},"30":{"start":{"line":90,"column":8},"end":{"line":99,"column":9}},"31":{"start":{"line":91,"column":44},"end":{"line":91,"column":46}},"32":{"start":{"line":92,"column":12},"end":{"line":92,"column":97}},"33":{"start":{"line":92,"column":35},"end":{"line":92,"column":97}},"34":{"start":{"line":93,"column":12},"end":{"line":93,"column":100}},"35":{"start":{"line":93,"column":33},"end":{"line":93,"column":100}},"36":{"start":{"line":94,"column":12},"end":{"line":94,"column":88}},"37":{"start":{"line":94,"column":32},"end":{"line":94,"column":88}},"38":{"start":{"line":96,"column":12},"end":{"line":98,"column":14}},"39":{"start":{"line":102,"column":4},"end":{"line":102,"column":18}}},"fnMap":{"0":{"name":"loadConfig","decl":{"start":{"line":24,"column":16},"end":{"line":24,"column":26}},"loc":{"start":{"line":24,"column":26},"end":{"line":103,"column":1}}}},"branchMap":{"0":{"loc":{"start":{"line":48,"column":4},"end":{"line":50,"column":5}},"type":"if","locations":[{"start":{"line":48,"column":4},"end":{"line":50,"column":5}},{"start":{},"end":{}}]},"1":{"loc":{"start":{"line":48,"column":8},"end":{"line":48,"column":82}},"type":"binary-expr","locations":[{"start":{"line":48,"column":8},"end":{"line":48,"column":43}},{"start":{"line":48,"column":47},"end":{"line":48,"column":82}}]},"2":{"loc":{"start":{"line":52,"column":4},"end":{"line":54,"column":5}},"type":"if","locations":[{"start":{"line":52,"column":4},"end":{"line":54,"column":5}},{"start":{},"end":{}}]},"3":{"loc":{"start":{"line":56,"column":4},"end":{"line":61,"column":5}},"type":"if","locations":[{"start":{"line":56,"column":4},"end":{"line":61,"column":5}},{"start":{},"end":{}}]},"4":{"loc":{"start":{"line":58,"column":8},"end":{"line":60,"column":9}},"type":"if","locations":[{"start":{"line":58,"column":8},"end":{"line":60,"column":9}},{"start":{},"end":{}}]},"5":{"loc":{"start":{"line":58,"column":12},"end":{"line":58,"column":132}},"type":"binary-expr","locations":[{"start":{"line":58,"column":12},"end":{"line":58,"column":33}},{"start":{"line":58,"column":37},"end":{"line":58,"column":68}},{"start":{"line":58,"column":72},"end":{"line":58,"column":101}},{"start":{"line":58,"column":105},"end":{"line":58,"column":132}}]},"6":{"loc":{"start":{"line":64,"column":4},"end":{"line":66,"column":5}},"type":"if","locations":[{"start":{"line":64,"column":4},"end":{"line":66,"column":5}},{"start":{},"end":{}}]},"7":{"loc":{"start":{"line":71,"column":23},"end":{"line":71,"column":82}},"type":"binary-expr","locations":[{"start":{"line":71,"column":23},"end":{"line":71,"column":56}},{"start":{"line":71,"column":60},"end":{"line":71,"column":76}},{"start":{"line":71,"column":80},"end":{"line":71,"column":82}}]},"8":{"loc":{"start":{"line":72,"column":21},"end":{"line":72,"column":85}},"type":"binary-expr","locations":[{"start":{"line":72,"column":21},"end":{"line":72,"column":61}},{"start":{"line":72,"column":65},"end":{"line":72,"column":79}},{"start":{"line":72,"column":83},"end":{"line":72,"column":85}}]},"9":{"loc":{"start":{"line":73,"column":20},"end":{"line":73,"column":73}},"type":"binary-expr","locations":[{"start":{"line":73,"column":20},"end":{"line":73,"column":50}},{"start":{"line":73,"column":54},"end":{"line":73,"column":67}},{"start":{"line":73,"column":71},"end":{"line":73,"column":73}}]},"10":{"loc":{"start":{"line":74,"column":20},"end":{"line":74,"column":80}},"type":"binary-expr","locations":[{"start":{"line":74,"column":20},"end":{"line":74,"column":57}},{"start":{"line":74,"column":61},"end":{"line":74,"column":74}},{"start":{"line":74,"column":78},"end":{"line":74,"column":80}}]},"11":{"loc":{"start":{"line":77,"column":27},"end":{"line":77,"column":105}},"type":"binary-expr","locations":[{"start":{"line":77,"column":27},"end":{"line":77,"column":66}},{"start":{"line":77,"column":70},"end":{"line":77,"column":90}},{"start":{"line":77,"column":94},"end":{"line":77,"column":105}}]},"12":{"loc":{"start":{"line":78,"column":30},"end":{"line":78,"column":116}},"type":"binary-expr","locations":[{"start":{"line":78,"column":30},"end":{"line":78,"column":72}},{"start":{"line":78,"column":76},"end":{"line":78,"column":99}},{"start":{"line":78,"column":103},"end":{"line":78,"column":116}}]},"13":{"loc":{"start":{"line":81,"column":25},"end":{"line":81,"column":55}},"type":"binary-expr","locations":[{"start":{"line":81,"column":25},"end":{"line":81,"column":49}},{"start":{"line":81,"column":53},"end":{"line":81,"column":55}}]},"14":{"loc":{"start":{"line":82,"column":4},"end":{"line":100,"column":5}},"type":"if","locations":[{"start":{"line":82,"column":4},"end":{"line":100,"column":5}},{"start":{},"end":{}}]},"15":{"loc":{"start":{"line":82,"column":8},"end":{"line":82,"column":103}},"type":"binary-expr","locations":[{"start":{"line":82,"column":8},"end":{"line":82,"column":39}},{"start":{"line":82,"column":43},"end":{"line":82,"column":72}},{"start":{"line":82,"column":76},"end":{"line":82,"column":103}}]},"16":{"loc":{"start":{"line":83,"column":35},"end":{"line":83,"column":79}},"type":"binary-expr","locations":[{"start":{"line":83,"column":35},"end":{"line":83,"column":48}},{"start":{"line":83,"column":52},"end":{"line":83,"column":79}}]},"17":{"loc":{"start":{"line":85,"column":12},"end":{"line":87,"column":56}},"type":"binary-expr","locations":[{"start":{"line":85,"column":12},"end":{"line":85,"column":28}},{"start":{"line":85,"column":32},"end":{"line":85,"column":62}},{"start":{"line":86,"column":12},"end":{"line":86,"column":26}},{"start":{"line":86,"column":30},"end":{"line":86,"column":58}},{"start":{"line":87,"column":12},"end":{"line":87,"column":25}},{"start":{"line":87,"column":29},"end":{"line":87,"column":56}}]},"18":{"loc":{"start":{"line":90,"column":8},"end":{"line":99,"column":9}},"type":"if","locations":[{"start":{"line":90,"column":8},"end":{"line":99,"column":9}},{"start":{},"end":{}}]},"19":{"loc":{"start":{"line":90,"column":12},"end":{"line":90,"column":45}},"type":"binary-expr","locations":[{"start":{"line":90,"column":12},"end":{"line":90,"column":23}},{"start":{"line":90,"column":27},"end":{"line":90,"column":45}}]},"20":{"loc":{"start":{"line":92,"column":12},"end":{"line":92,"column":97}},"type":"if","locations":[{"start":{"line":92,"column":12},"end":{"line":92,"column":97}},{"start":{},"end":{}}]},"21":{"loc":{"start":{"line":93,"column":12},"end":{"line":93,"column":100}},"type":"if","locations":[{"start":{"line":93,"column":12},"end":{"line":93,"column":100}},{"start":{},"end":{}}]},"22":{"loc":{"start":{"line":94,"column":12},"end":{"line":94,"column":88}},"type":"if","locations":[{"start":{"line":94,"column":12},"end":{"line":94,"column":88}},{"start":{},"end":{}}]}},"s":{"0":1,"1":1,"2":1,"3":4,"4":4,"5":4,"6":4,"7":0,"8":0,"9":4,"10":1,"11":4,"12":1,"13":4,"14":3,"15":3,"16":3,"17":4,"18":0,"19":4,"20":4,"21":4,"22":4,"23":4,"24":4,"25":4,"26":4,"27":4,"28":2,"29":2,"30":2,"31":1,"32":1,"33":1,"34":1,"35":1,"36":1,"37":1,"38":1,"39":3},"f":{"0":4},"b":{"0":[1,3],"1":[4,4],"2":[1,3],"3":[3,1],"4":[3,0],"5":[3,2,0,0],"6":[0,4],"7":[4,4,4],"8":[4,4,4],"9":[4,4,4],"10":[4,3,3],"11":[4,4,0],"12":[4,4,0],"13":[4,0],"14":[2,2],"15":[4,2,2],"16":[2,1],"17":[2,0,0,0,0,0],"18":[1,1],"19":[2,1],"20":[1,0],"21":[1,0],"22":[1,0]}}
,"/home/lucas/Proyectos/Prueba Whatsapp/src/domain/Lead.ts": {"path":"/home/lucas/Proyectos/Prueba Whatsapp/src/domain/Lead.ts","statementMap":{"0":{"start":{"line":2,"column":30},"end":{"line":2,"column":48}},"1":{"start":{"line":2,"column":66},"end":{"line":2,"column":80}},"2":{"start":{"line":3,"column":4},"end":{"line":5,"column":5}},"3":{"start":{"line":4,"column":6},"end":{"line":4,"column":71}},"4":{"start":{"line":6,"column":4},"end":{"line":8,"column":5}},"5":{"start":{"line":7,"column":6},"end":{"line":7,"column":75}},"6":{"start":{"line":9,"column":4},"end":{"line":11,"column":5}},"7":{"start":{"line":10,"column":6},"end":{"line":10,"column":70}},"8":{"start":{"line":12,"column":4},"end":{"line":14,"column":5}},"9":{"start":{"line":13,"column":6},"end":{"line":13,"column":74}},"10":{"start":{"line":18,"column":4},"end":{"line":18,"column":47}},"11":{"start":{"line":22,"column":20},"end":{"line":22,"column":43}},"12":{"start":{"line":23,"column":4},"end":{"line":25,"column":5}},"13":{"start":{"line":24,"column":6},"end":{"line":24,"column":91}},"14":{"start":{"line":26,"column":4},"end":{"line":28,"column":5}},"15":{"start":{"line":27,"column":6},"end":{"line":27,"column":50}},"16":{"start":{"line":29,"column":4},"end":{"line":31,"column":5}},"17":{"start":{"line":30,"column":6},"end":{"line":30,"column":50}},"18":{"start":{"line":32,"column":4},"end":{"line":32,"column":63}},"19":{"start":{"line":1,"column":0},"end":{"line":1,"column":13}},"20":{"start":{"line":37,"column":30},"end":{"line":37,"column":43}},"21":{"start":{"line":38,"column":23},"end":{"line":38,"column":51}},"22":{"start":{"line":39,"column":4},"end":{"line":41,"column":5}},"23":{"start":{"line":40,"column":6},"end":{"line":40,"column":102}},"24":{"start":{"line":45,"column":18},"end":{"line":45,"column":81}},"25":{"start":{"line":46,"column":4},"end":{"line":48,"column":5}},"26":{"start":{"line":47,"column":6},"end":{"line":47,"column":104}},"27":{"start":{"line":49,"column":4},"end":{"line":49,"column":31}},"28":{"start":{"line":36,"column":0},"end":{"line":36,"column":13}}},"fnMap":{"0":{"name":"(anonymous_0)","decl":{"start":{"line":2,"column":2},"end":{"line":2,"column":30}},"loc":{"start":{"line":2,"column":80},"end":{"line":15,"column":3}}},"1":{"name":"(anonymous_1)","decl":{"start":{"line":17,"column":2},"end":{"line":17,"column":6}},"loc":{"start":{"line":17,"column":20},"end":{"line":19,"column":3}}},"2":{"name":"(anonymous_2)","decl":{"start":{"line":21,"column":2},"end":{"line":21,"column":8}},"loc":{"start":{"line":21,"column":27},"end":{"line":33,"column":3}}},"3":{"name":"(anonymous_3)","decl":{"start":{"line":37,"column":2},"end":{"line":37,"column":30}},"loc":{"start":{"line":37,"column":43},"end":{"line":42,"column":3}}},"4":{"name":"(anonymous_4)","decl":{"start":{"line":44,"column":2},"end":{"line":44,"column":8}},"loc":{"start":{"line":44,"column":27},"end":{"line":50,"column":3}}}},"branchMap":{"0":{"loc":{"start":{"line":3,"column":4},"end":{"line":5,"column":5}},"type":"if","locations":[{"start":{"line":3,"column":4},"end":{"line":5,"column":5}},{"start":{},"end":{}}]},"1":{"loc":{"start":{"line":6,"column":4},"end":{"line":8,"column":5}},"type":"if","locations":[{"start":{"line":6,"column":4},"end":{"line":8,"column":5}},{"start":{},"end":{}}]},"2":{"loc":{"start":{"line":9,"column":4},"end":{"line":11,"column":5}},"type":"if","locations":[{"start":{"line":9,"column":4},"end":{"line":11,"column":5}},{"start":{},"end":{}}]},"3":{"loc":{"start":{"line":9,"column":8},"end":{"line":9,"column":54}},"type":"binary-expr","locations":[{"start":{"line":9,"column":8},"end":{"line":9,"column":29}},{"start":{"line":9,"column":33},"end":{"line":9,"column":54}}]},"4":{"loc":{"start":{"line":12,"column":4},"end":{"line":14,"column":5}},"type":"if","locations":[{"start":{"line":12,"column":4},"end":{"line":14,"column":5}},{"start":{},"end":{}}]},"5":{"loc":{"start":{"line":12,"column":8},"end":{"line":12,"column":47}},"type":"binary-expr","locations":[{"start":{"line":12,"column":8},"end":{"line":12,"column":25}},{"start":{"line":12,"column":29},"end":{"line":12,"column":47}}]},"6":{"loc":{"start":{"line":23,"column":4},"end":{"line":25,"column":5}},"type":"if","locations":[{"start":{"line":23,"column":4},"end":{"line":25,"column":5}},{"start":{},"end":{}}]},"7":{"loc":{"start":{"line":26,"column":4},"end":{"line":28,"column":5}},"type":"if","locations":[{"start":{"line":26,"column":4},"end":{"line":28,"column":5}},{"start":{},"end":{}}]},"8":{"loc":{"start":{"line":29,"column":4},"end":{"line":31,"column":5}},"type":"if","locations":[{"start":{"line":29,"column":4},"end":{"line":31,"column":5}},{"start":{},"end":{}}]},"9":{"loc":{"start":{"line":39,"column":4},"end":{"line":41,"column":5}},"type":"if","locations":[{"start":{"line":39,"column":4},"end":{"line":41,"column":5}},{"start":{},"end":{}}]},"10":{"loc":{"start":{"line":46,"column":4},"end":{"line":48,"column":5}},"type":"if","locations":[{"start":{"line":46,"column":4},"end":{"line":48,"column":5}},{"start":{},"end":{}}]}},"s":{"0":25,"1":25,"2":25,"3":1,"4":24,"5":1,"6":23,"7":1,"8":22,"9":2,"10":6,"11":20,"12":20,"13":5,"14":15,"15":13,"16":2,"17":1,"18":1,"19":6,"20":11,"21":11,"22":11,"23":3,"24":13,"25":13,"26":9,"27":4,"28":6},"f":{"0":25,"1":6,"2":20,"3":11,"4":13},"b":{"0":[1,24],"1":[1,23],"2":[1,22],"3":[23,23],"4":[2,20],"5":[22,21],"6":[5,15],"7":[13,2],"8":[1,1],"9":[3,8],"10":[9,4]}}
,"/home/lucas/Proyectos/Prueba Whatsapp/src/domain/LeadValidator.ts": {"path":"/home/lucas/Proyectos/Prueba Whatsapp/src/domain/LeadValidator.ts","statementMap":{"0":{"start":{"line":1,"column":0},"end":{"line":1,"column":41}},"1":{"start":{"line":9,"column":20},"end":{"line":9,"column":32}},"2":{"start":{"line":11,"column":4},"end":{"line":32,"column":5}},"3":{"start":{"line":12,"column":6},"end":{"line":15,"column":7}},"4":{"start":{"line":13,"column":8},"end":{"line":13,"column":32}},"5":{"start":{"line":14,"column":8},"end":{"line":14,"column":20}},"6":{"start":{"line":17,"column":6},"end":{"line":20,"column":7}},"7":{"start":{"line":18,"column":8},"end":{"line":18,"column":29}},"8":{"start":{"line":19,"column":8},"end":{"line":19,"column":20}},"9":{"start":{"line":22,"column":6},"end":{"line":27,"column":7}},"10":{"start":{"line":23,"column":8},"end":{"line":25,"column":9}},"11":{"start":{"line":24,"column":10},"end":{"line":24,"column":110}},"12":{"start":{"line":26,"column":8},"end":{"line":26,"column":20}},"13":{"start":{"line":29,"column":6},"end":{"line":29,"column":18}},"14":{"start":{"line":31,"column":6},"end":{"line":31,"column":89}},"15":{"start":{"line":3,"column":0},"end":{"line":3,"column":13}}},"fnMap":{"0":{"name":"(anonymous_0)","decl":{"start":{"line":8,"column":2},"end":{"line":8,"column":8}},"loc":{"start":{"line":8,"column":43},"end":{"line":33,"column":3}}}},"branchMap":{"0":{"loc":{"start":{"line":12,"column":6},"end":{"line":15,"column":7}},"type":"if","locations":[{"start":{"line":12,"column":6},"end":{"line":15,"column":7}},{"start":{},"end":{}}]},"1":{"loc":{"start":{"line":12,"column":10},"end":{"line":12,"column":65}},"type":"binary-expr","locations":[{"start":{"line":12,"column":10},"end":{"line":12,"column":34}},{"start":{"line":12,"column":38},"end":{"line":12,"column":65}}]},"2":{"loc":{"start":{"line":17,"column":6},"end":{"line":20,"column":7}},"type":"if","locations":[{"start":{"line":17,"column":6},"end":{"line":20,"column":7}},{"start":{},"end":{}}]},"3":{"loc":{"start":{"line":17,"column":10},"end":{"line":17,"column":89}},"type":"binary-expr","locations":[{"start":{"line":17,"column":10},"end":{"line":17,"column":32}},{"start":{"line":17,"column":36},"end":{"line":17,"column":57}},{"start":{"line":17,"column":61},"end":{"line":17,"column":89}}]},"4":{"loc":{"start":{"line":22,"column":6},"end":{"line":27,"column":7}},"type":"if","locations":[{"start":{"line":22,"column":6},"end":{"line":27,"column":7}},{"start":{},"end":{}}]},"5":{"loc":{"start":{"line":23,"column":8},"end":{"line":25,"column":9}},"type":"if","locations":[{"start":{"line":23,"column":8},"end":{"line":25,"column":9}},{"start":{},"end":{}}]},"6":{"loc":{"start":{"line":23,"column":12},"end":{"line":23,"column":55}},"type":"binary-expr","locations":[{"start":{"line":23,"column":12},"end":{"line":23,"column":30}},{"start":{"line":23,"column":34},"end":{"line":23,"column":55}}]},"7":{"loc":{"start":{"line":31,"column":13},"end":{"line":31,"column":88}},"type":"binary-expr","locations":[{"start":{"line":31,"column":13},"end":{"line":31,"column":26}},{"start":{"line":31,"column":30},"end":{"line":31,"column":88}}]}},"s":{"0":4,"1":24,"2":24,"3":24,"4":10,"5":8,"6":14,"7":5,"8":2,"9":9,"10":5,"11":3,"12":2,"13":4,"14":5,"15":4},"f":{"0":24},"b":{"0":[10,14],"1":[24,14],"2":[5,9],"3":[14,10,9],"4":[5,4],"5":[3,2],"6":[5,4],"7":[5,0]}}
,"/home/lucas/Proyectos/Prueba Whatsapp/src/infrastructure/adapters/ConsoleAdapter.ts": {"path":"/home/lucas/Proyectos/Prueba Whatsapp/src/infrastructure/adapters/ConsoleAdapter.ts","statementMap":{"0":{"start":{"line":1,"column":0},"end":{"line":1,"column":37}},"1":{"start":{"line":2,"column":0},"end":{"line":2,"column":62}},"2":{"start":{"line":3,"column":0},"end":{"line":3,"column":74}},"3":{"start":{"line":13,"column":4},"end":{"line":13,"column":94}},"4":{"start":{"line":14,"column":4},"end":{"line":14,"column":56}},"5":{"start":{"line":17,"column":4},"end":{"line":17,"column":45}},"6":{"start":{"line":19,"column":4},"end":{"line":22,"column":7}},"7":{"start":{"line":26,"column":4},"end":{"line":26,"column":40}},"8":{"start":{"line":30,"column":4},"end":{"line":75,"column":7}},"9":{"start":{"line":31,"column":6},"end":{"line":37,"column":7}},"10":{"start":{"line":32,"column":8},"end":{"line":32,"column":90}},"11":{"start":{"line":33,"column":8},"end":{"line":33,"column":63}},"12":{"start":{"line":34,"column":8},"end":{"line":34,"column":44}},"13":{"start":{"line":35,"column":8},"end":{"line":35,"column":24}},"14":{"start":{"line":36,"column":8},"end":{"line":36,"column":15}},"15":{"start":{"line":39,"column":26},"end":{"line":39,"column":54}},"16":{"start":{"line":40,"column":6},"end":{"line":48,"column":7}},"17":{"start":{"line":41,"column":32},"end":{"line":41,"column":102}},"18":{"start":{"line":42,"column":8},"end":{"line":47,"column":9}},"19":{"start":{"line":43,"column":10},"end":{"line":43,"column":82}},"20":{"start":{"line":44,"column":10},"end":{"line":44,"column":42}},"21":{"start":{"line":45,"column":10},"end":{"line":45,"column":28}},"22":{"start":{"line":46,"column":10},"end":{"line":46,"column":17}},"23":{"start":{"line":50,"column":49},"end":{"line":50,"column":89}},"24":{"start":{"line":52,"column":6},"end":{"line":72,"column":7}},"25":{"start":{"line":53,"column":8},"end":{"line":57,"column":9}},"26":{"start":{"line":54,"column":10},"end":{"line":54,"column":122}},"27":{"start":{"line":56,"column":10},"end":{"line":56,"column":91}},"28":{"start":{"line":59,"column":8},"end":{"line":61,"column":9}},"29":{"start":{"line":60,"column":10},"end":{"line":60,"column":109}},"30":{"start":{"line":62,"column":8},"end":{"line":62,"column":37}},"31":{"start":{"line":65,"column":8},"end":{"line":68,"column":9}},"32":{"start":{"line":66,"column":11},"end":{"line":66,"column":84}},"33":{"start":{"line":67,"column":11},"end":{"line":67,"column":66}},"34":{"start":{"line":70,"column":8},"end":{"line":70,"column":55}},"35":{"start":{"line":71,"column":8},"end":{"line":71,"column":57}},"36":{"start":{"line":74,"column":6},"end":{"line":74,"column":24}},"37":{"start":{"line":79,"column":4},"end":{"line":79,"column":67}},"38":{"start":{"line":80,"column":4},"end":{"line":80,"column":64}},"39":{"start":{"line":81,"column":4},"end":{"line":81,"column":67}},"40":{"start":{"line":82,"column":4},"end":{"line":82,"column":73}},"41":{"start":{"line":84,"column":24},"end":{"line":84,"column":52}},"42":{"start":{"line":85,"column":4},"end":{"line":87,"column":5}},"43":{"start":{"line":86,"column":6},"end":{"line":86,"column":106}},"44":{"start":{"line":88,"column":4},"end":{"line":88,"column":36}},"45":{"start":{"line":90,"column":4},"end":{"line":90,"column":22}},"46":{"start":{"line":6,"column":0},"end":{"line":6,"column":13}}},"fnMap":{"0":{"name":"(anonymous_9)","decl":{"start":{"line":12,"column":2},"end":{"line":12,"column":14}},"loc":{"start":{"line":12,"column":66},"end":{"line":23,"column":3}}},"1":{"name":"(anonymous_10)","decl":{"start":{"line":25,"column":10},"end":{"line":25,"column":18}},"loc":{"start":{"line":25,"column":31},"end":{"line":27,"column":3}}},"2":{"name":"(anonymous_11)","decl":{"start":{"line":29,"column":10},"end":{"line":29,"column":15}},"loc":{"start":{"line":29,"column":26},"end":{"line":76,"column":3}}},"3":{"name":"(anonymous_12)","decl":{"start":{"line":30,"column":32},"end":{"line":30,"column":37}},"loc":{"start":{"line":30,"column":49},"end":{"line":75,"column":5}}},"4":{"name":"(anonymous_13)","decl":{"start":{"line":78,"column":9},"end":{"line":78,"column":14}},"loc":{"start":{"line":78,"column":14},"end":{"line":91,"column":3}}}},"branchMap":{"0":{"loc":{"start":{"line":31,"column":6},"end":{"line":37,"column":7}},"type":"if","locations":[{"start":{"line":31,"column":6},"end":{"line":37,"column":7}},{"start":{},"end":{}}]},"1":{"loc":{"start":{"line":31,"column":10},"end":{"line":31,"column":91}},"type":"binary-expr","locations":[{"start":{"line":31,"column":10},"end":{"line":31,"column":49}},{"start":{"line":31,"column":53},"end":{"line":31,"column":91}}]},"2":{"loc":{"start":{"line":40,"column":6},"end":{"line":48,"column":7}},"type":"if","locations":[{"start":{"line":40,"column":6},"end":{"line":48,"column":7}},{"start":{},"end":{}}]},"3":{"loc":{"start":{"line":42,"column":8},"end":{"line":47,"column":9}},"type":"if","locations":[{"start":{"line":42,"column":8},"end":{"line":47,"column":9}},{"start":{},"end":{}}]},"4":{"loc":{"start":{"line":52,"column":6},"end":{"line":72,"column":7}},"type":"if","locations":[{"start":{"line":52,"column":6},"end":{"line":72,"column":7}},{"start":{"line":69,"column":13},"end":{"line":72,"column":7}}]},"5":{"loc":{"start":{"line":53,"column":8},"end":{"line":57,"column":9}},"type":"if","locations":[{"start":{"line":53,"column":8},"end":{"line":57,"column":9}},{"start":{},"end":{}}]},"6":{"loc":{"start":{"line":59,"column":8},"end":{"line":61,"column":9}},"type":"if","locations":[{"start":{"line":59,"column":8},"end":{"line":61,"column":9}},{"start":{},"end":{}}]},"7":{"loc":{"start":{"line":65,"column":8},"end":{"line":68,"column":9}},"type":"if","locations":[{"start":{"line":65,"column":8},"end":{"line":68,"column":9}},{"start":{},"end":{}}]},"8":{"loc":{"start":{"line":65,"column":12},"end":{"line":65,"column":73}},"type":"binary-expr","locations":[{"start":{"line":65,"column":12},"end":{"line":65,"column":39}},{"start":{"line":65,"column":43},"end":{"line":65,"column":73}}]},"9":{"loc":{"start":{"line":85,"column":4},"end":{"line":87,"column":5}},"type":"if","locations":[{"start":{"line":85,"column":4},"end":{"line":87,"column":5}},{"start":{},"end":{}}]}},"s":{"0":1,"1":1,"2":1,"3":3,"4":3,"5":3,"6":3,"7":7,"8":7,"9":6,"10":2,"11":2,"12":2,"13":2,"14":2,"15":4,"16":4,"17":4,"18":4,"19":1,"20":1,"21":1,"22":1,"23":3,"24":3,"25":2,"26":2,"27":2,"28":2,"29":1,"30":2,"31":2,"32":1,"33":1,"34":1,"35":1,"36":3,"37":3,"38":3,"39":3,"40":3,"41":3,"42":3,"43":3,"44":3,"45":3,"46":1},"f":{"0":3,"1":7,"2":7,"3":6,"4":3},"b":{"0":[2,4],"1":[6,5],"2":[4,0],"3":[1,3],"4":[2,1],"5":[2,0],"6":[1,1],"7":[1,1],"8":[2,1],"9":[3,0]}}
,"/home/lucas/Proyectos/Prueba Whatsapp/src/infrastructure/adapters/GoogleSheetsAdapter.ts": {"path":"/home/lucas/Proyectos/Prueba Whatsapp/src/infrastructure/adapters/GoogleSheetsAdapter.ts","statementMap":{"0":{"start":{"line":1,"column":0},"end":{"line":1,"column":33}},"1":{"start":{"line":2,"column":0},"end":{"line":2,"column":31}},"2":{"start":{"line":18,"column":4},"end":{"line":18,"column":89}},"3":{"start":{"line":19,"column":4},"end":{"line":19,"column":92}},"4":{"start":{"line":20,"column":4},"end":{"line":20,"column":104}},"5":{"start":{"line":21,"column":4},"end":{"line":21,"column":87}},"6":{"start":{"line":28,"column":19},"end":{"line":31,"column":6}},"7":{"start":{"line":33,"column":16},"end":{"line":33,"column":45}},"8":{"start":{"line":34,"column":21},"end":{"line":40,"column":6}},"9":{"start":{"line":42,"column":28},"end":{"line":48,"column":5}},"10":{"start":{"line":43,"column":6},"end":{"line":47,"column":29}},"11":{"start":{"line":50,"column":26},"end":{"line":50,"column":49}},"12":{"start":{"line":51,"column":28},"end":{"line":51,"column":53}},"13":{"start":{"line":52,"column":27},"end":{"line":52,"column":64}},"14":{"start":{"line":54,"column":19},"end":{"line":54,"column":50}},"15":{"start":{"line":55,"column":4},"end":{"line":55,"column":34}},"16":{"start":{"line":56,"column":22},"end":{"line":59,"column":26}},"17":{"start":{"line":61,"column":4},"end":{"line":61,"column":44}},"18":{"start":{"line":68,"column":21},"end":{"line":68,"column":44}},"19":{"start":{"line":69,"column":21},"end":{"line":69,"column":109}},"20":{"start":{"line":71,"column":4},"end":{"line":98,"column":7}},"21":{"start":{"line":72,"column":18},"end":{"line":93,"column":8}},"22":{"start":{"line":79,"column":19},"end":{"line":79,"column":21}},"23":{"start":{"line":80,"column":8},"end":{"line":80,"column":47}},"24":{"start":{"line":80,"column":32},"end":{"line":80,"column":45}},"25":{"start":{"line":81,"column":8},"end":{"line":92,"column":11}},"26":{"start":{"line":82,"column":10},"end":{"line":91,"column":11}},"27":{"start":{"line":83,"column":12},"end":{"line":88,"column":13}},"28":{"start":{"line":84,"column":27},"end":{"line":84,"column":43}},"29":{"start":{"line":85,"column":14},"end":{"line":85,"column":41}},"30":{"start":{"line":87,"column":14},"end":{"line":87,"column":76}},"31":{"start":{"line":90,"column":12},"end":{"line":90,"column":74}},"32":{"start":{"line":95,"column":6},"end":{"line":95,"column":44}},"33":{"start":{"line":95,"column":31},"end":{"line":95,"column":42}},"34":{"start":{"line":96,"column":6},"end":{"line":96,"column":26}},"35":{"start":{"line":97,"column":6},"end":{"line":97,"column":16}},"36":{"start":{"line":105,"column":20},"end":{"line":105,"column":75}},"37":{"start":{"line":106,"column":16},"end":{"line":106,"column":40}},"38":{"start":{"line":108,"column":4},"end":{"line":131,"column":7}},"39":{"start":{"line":109,"column":18},"end":{"line":126,"column":8}},"40":{"start":{"line":116,"column":19},"end":{"line":116,"column":21}},"41":{"start":{"line":117,"column":8},"end":{"line":117,"column":47}},"42":{"start":{"line":117,"column":32},"end":{"line":117,"column":45}},"43":{"start":{"line":118,"column":8},"end":{"line":125,"column":11}},"44":{"start":{"line":119,"column":10},"end":{"line":124,"column":11}},"45":{"start":{"line":120,"column":12},"end":{"line":120,"column":93}},"46":{"start":{"line":121,"column":12},"end":{"line":121,"column":26}},"47":{"start":{"line":123,"column":12},"end":{"line":123,"column":76}},"48":{"start":{"line":128,"column":6},"end":{"line":128,"column":44}},"49":{"start":{"line":128,"column":31},"end":{"line":128,"column":42}},"50":{"start":{"line":129,"column":6},"end":{"line":129,"column":25}},"51":{"start":{"line":130,"column":6},"end":{"line":130,"column":16}},"52":{"start":{"line":138,"column":4},"end":{"line":145,"column":5}},"53":{"start":{"line":139,"column":6},"end":{"line":144,"column":7}},"54":{"start":{"line":140,"column":8},"end":{"line":140,"column":62}},"55":{"start":{"line":142,"column":8},"end":{"line":142,"column":83}},"56":{"start":{"line":143,"column":8},"end":{"line":143,"column":20}},"57":{"start":{"line":147,"column":4},"end":{"line":187,"column":5}},"58":{"start":{"line":148,"column":6},"end":{"line":186,"column":7}},"59":{"start":{"line":149,"column":28},"end":{"line":149,"column":55}},"60":{"start":{"line":150,"column":22},"end":{"line":150,"column":60}},"61":{"start":{"line":151,"column":25},"end":{"line":153,"column":10}},"62":{"start":{"line":155,"column":20},"end":{"line":155,"column":142}},"63":{"start":{"line":157,"column":8},"end":{"line":182,"column":11}},"64":{"start":{"line":158,"column":22},"end":{"line":177,"column":12}},"65":{"start":{"line":166,"column":23},"end":{"line":166,"column":25}},"66":{"start":{"line":167,"column":12},"end":{"line":167,"column":51}},"67":{"start":{"line":167,"column":36},"end":{"line":167,"column":49}},"68":{"start":{"line":168,"column":12},"end":{"line":176,"column":15}},"69":{"start":{"line":169,"column":14},"end":{"line":175,"column":15}},"70":{"start":{"line":170,"column":16},"end":{"line":170,"column":112}},"71":{"start":{"line":171,"column":16},"end":{"line":171,"column":30}},"72":{"start":{"line":173,"column":16},"end":{"line":173,"column":93}},"73":{"start":{"line":174,"column":16},"end":{"line":174,"column":83}},"74":{"start":{"line":179,"column":10},"end":{"line":179,"column":48}},"75":{"start":{"line":179,"column":35},"end":{"line":179,"column":46}},"76":{"start":{"line":180,"column":10},"end":{"line":180,"column":30}},"77":{"start":{"line":181,"column":10},"end":{"line":181,"column":20}},"78":{"start":{"line":184,"column":8},"end":{"line":184,"column":104}},"79":{"start":{"line":185,"column":8},"end":{"line":185,"column":20}},"80":{"start":{"line":189,"column":4},"end":{"line":189,"column":108}},"81":{"start":{"line":190,"column":4},"end":{"line":190,"column":92}},"82":{"start":{"line":191,"column":4},"end":{"line":191,"column":17}},"83":{"start":{"line":198,"column":4},"end":{"line":200,"column":5}},"84":{"start":{"line":199,"column":6},"end":{"line":199,"column":134}},"85":{"start":{"line":202,"column":4},"end":{"line":237,"column":5}},"86":{"start":{"line":203,"column":26},"end":{"line":203,"column":53}},"87":{"start":{"line":204,"column":24},"end":{"line":204,"column":67}},"88":{"start":{"line":205,"column":18},"end":{"line":205,"column":127}},"89":{"start":{"line":207,"column":6},"end":{"line":233,"column":9}},"90":{"start":{"line":208,"column":20},"end":{"line":229,"column":10}},"91":{"start":{"line":215,"column":21},"end":{"line":215,"column":23}},"92":{"start":{"line":216,"column":10},"end":{"line":216,"column":49}},"93":{"start":{"line":216,"column":34},"end":{"line":216,"column":47}},"94":{"start":{"line":217,"column":10},"end":{"line":228,"column":13}},"95":{"start":{"line":218,"column":12},"end":{"line":227,"column":13}},"96":{"start":{"line":219,"column":14},"end":{"line":224,"column":15}},"97":{"start":{"line":220,"column":29},"end":{"line":220,"column":45}},"98":{"start":{"line":221,"column":16},"end":{"line":221,"column":43}},"99":{"start":{"line":223,"column":16},"end":{"line":223,"column":84}},"100":{"start":{"line":226,"column":14},"end":{"line":226,"column":81}},"101":{"start":{"line":231,"column":8},"end":{"line":231,"column":46}},"102":{"start":{"line":231,"column":33},"end":{"line":231,"column":44}},"103":{"start":{"line":232,"column":8},"end":{"line":232,"column":18}},"104":{"start":{"line":235,"column":6},"end":{"line":235,"column":97}},"105":{"start":{"line":236,"column":6},"end":{"line":236,"column":18}},"106":{"start":{"line":11,"column":0},"end":{"line":11,"column":13}}},"fnMap":{"0":{"name":"(anonymous_9)","decl":{"start":{"line":17,"column":2},"end":{"line":17,"column":14}},"loc":{"start":{"line":17,"column":52},"end":{"line":22,"column":3}}},"1":{"name":"(anonymous_10)","decl":{"start":{"line":27,"column":10},"end":{"line":27,"column":26}},"loc":{"start":{"line":27,"column":26},"end":{"line":62,"column":3}}},"2":{"name":"(anonymous_11)","decl":{"start":{"line":42,"column":28},"end":{"line":42,"column":29}},"loc":{"start":{"line":42,"column":52},"end":{"line":48,"column":5}}},"3":{"name":"(anonymous_12)","decl":{"start":{"line":67,"column":10},"end":{"line":67,"column":15}},"loc":{"start":{"line":67,"column":30},"end":{"line":99,"column":3}}},"4":{"name":"(anonymous_13)","decl":{"start":{"line":71,"column":23},"end":{"line":71,"column":24}},"loc":{"start":{"line":71,"column":43},"end":{"line":98,"column":5}}},"5":{"name":"(anonymous_14)","decl":{"start":{"line":78,"column":9},"end":{"line":78,"column":10}},"loc":{"start":{"line":78,"column":17},"end":{"line":93,"column":7}}},"6":{"name":"(anonymous_15)","decl":{"start":{"line":80,"column":23},"end":{"line":80,"column":28}},"loc":{"start":{"line":80,"column":32},"end":{"line":80,"column":45}}},"7":{"name":"(anonymous_16)","decl":{"start":{"line":81,"column":22},"end":{"line":81,"column":25}},"loc":{"start":{"line":81,"column":27},"end":{"line":92,"column":9}}},"8":{"name":"(anonymous_17)","decl":{"start":{"line":95,"column":22},"end":{"line":95,"column":23}},"loc":{"start":{"line":95,"column":31},"end":{"line":95,"column":42}}},"9":{"name":"(anonymous_18)","decl":{"start":{"line":104,"column":10},"end":{"line":104,"column":15}},"loc":{"start":{"line":104,"column":68},"end":{"line":132,"column":3}}},"10":{"name":"(anonymous_19)","decl":{"start":{"line":108,"column":23},"end":{"line":108,"column":24}},"loc":{"start":{"line":108,"column":43},"end":{"line":131,"column":5}}},"11":{"name":"(anonymous_20)","decl":{"start":{"line":115,"column":9},"end":{"line":115,"column":10}},"loc":{"start":{"line":115,"column":17},"end":{"line":126,"column":7}}},"12":{"name":"(anonymous_21)","decl":{"start":{"line":117,"column":23},"end":{"line":117,"column":28}},"loc":{"start":{"line":117,"column":32},"end":{"line":117,"column":45}}},"13":{"name":"(anonymous_22)","decl":{"start":{"line":118,"column":22},"end":{"line":118,"column":25}},"loc":{"start":{"line":118,"column":27},"end":{"line":125,"column":9}}},"14":{"name":"(anonymous_23)","decl":{"start":{"line":128,"column":22},"end":{"line":128,"column":23}},"loc":{"start":{"line":128,"column":31},"end":{"line":128,"column":42}}},"15":{"name":"(anonymous_24)","decl":{"start":{"line":137,"column":9},"end":{"line":137,"column":14}},"loc":{"start":{"line":137,"column":60},"end":{"line":192,"column":3}}},"16":{"name":"(anonymous_25)","decl":{"start":{"line":157,"column":27},"end":{"line":157,"column":28}},"loc":{"start":{"line":157,"column":47},"end":{"line":182,"column":9}}},"17":{"name":"(anonymous_26)","decl":{"start":{"line":165,"column":13},"end":{"line":165,"column":14}},"loc":{"start":{"line":165,"column":21},"end":{"line":177,"column":11}}},"18":{"name":"(anonymous_27)","decl":{"start":{"line":167,"column":27},"end":{"line":167,"column":32}},"loc":{"start":{"line":167,"column":36},"end":{"line":167,"column":49}}},"19":{"name":"(anonymous_28)","decl":{"start":{"line":168,"column":26},"end":{"line":168,"column":29}},"loc":{"start":{"line":168,"column":31},"end":{"line":176,"column":13}}},"20":{"name":"(anonymous_29)","decl":{"start":{"line":179,"column":26},"end":{"line":179,"column":27}},"loc":{"start":{"line":179,"column":35},"end":{"line":179,"column":46}}},"21":{"name":"(anonymous_30)","decl":{"start":{"line":197,"column":9},"end":{"line":197,"column":14}},"loc":{"start":{"line":197,"column":64},"end":{"line":238,"column":3}}},"22":{"name":"(anonymous_31)","decl":{"start":{"line":207,"column":25},"end":{"line":207,"column":26}},"loc":{"start":{"line":207,"column":45},"end":{"line":233,"column":7}}},"23":{"name":"(anonymous_32)","decl":{"start":{"line":214,"column":11},"end":{"line":214,"column":12}},"loc":{"start":{"line":214,"column":19},"end":{"line":229,"column":9}}},"24":{"name":"(anonymous_33)","decl":{"start":{"line":216,"column":25},"end":{"line":216,"column":30}},"loc":{"start":{"line":216,"column":34},"end":{"line":216,"column":47}}},"25":{"name":"(anonymous_34)","decl":{"start":{"line":217,"column":24},"end":{"line":217,"column":27}},"loc":{"start":{"line":217,"column":29},"end":{"line":228,"column":11}}},"26":{"name":"(anonymous_35)","decl":{"start":{"line":231,"column":24},"end":{"line":231,"column":25}},"loc":{"start":{"line":231,"column":33},"end":{"line":231,"column":44}}}},"branchMap":{"0":{"loc":{"start":{"line":17,"column":14},"end":{"line":17,"column":52}},"type":"default-arg","locations":[{"start":{"line":17,"column":50},"end":{"line":17,"column":52}}]},"1":{"loc":{"start":{"line":18,"column":25},"end":{"line":18,"column":88}},"type":"binary-expr","locations":[{"start":{"line":18,"column":25},"end":{"line":18,"column":45}},{"start":{"line":18,"column":49},"end":{"line":18,"column":82}},{"start":{"line":18,"column":86},"end":{"line":18,"column":88}}]},"2":{"loc":{"start":{"line":19,"column":23},"end":{"line":19,"column":91}},"type":"binary-expr","locations":[{"start":{"line":19,"column":23},"end":{"line":19,"column":41}},{"start":{"line":19,"column":45},"end":{"line":19,"column":85}},{"start":{"line":19,"column":89},"end":{"line":19,"column":91}}]},"3":{"loc":{"start":{"line":20,"column":23},"end":{"line":20,"column":80}},"type":"binary-expr","locations":[{"start":{"line":20,"column":23},"end":{"line":20,"column":40}},{"start":{"line":20,"column":44},"end":{"line":20,"column":74}},{"start":{"line":20,"column":78},"end":{"line":20,"column":80}}]},"4":{"loc":{"start":{"line":21,"column":22},"end":{"line":21,"column":86}},"type":"binary-expr","locations":[{"start":{"line":21,"column":22},"end":{"line":21,"column":39}},{"start":{"line":21,"column":43},"end":{"line":21,"column":80}},{"start":{"line":21,"column":84},"end":{"line":21,"column":86}}]},"5":{"loc":{"start":{"line":82,"column":10},"end":{"line":91,"column":11}},"type":"if","locations":[{"start":{"line":82,"column":10},"end":{"line":91,"column":11}},{"start":{"line":89,"column":17},"end":{"line":91,"column":11}}]},"6":{"loc":{"start":{"line":82,"column":14},"end":{"line":82,"column":77}},"type":"binary-expr","locations":[{"start":{"line":82,"column":14},"end":{"line":82,"column":28}},{"start":{"line":82,"column":32},"end":{"line":82,"column":53}},{"start":{"line":82,"column":57},"end":{"line":82,"column":77}}]},"7":{"loc":{"start":{"line":119,"column":10},"end":{"line":124,"column":11}},"type":"if","locations":[{"start":{"line":119,"column":10},"end":{"line":124,"column":11}},{"start":{"line":122,"column":17},"end":{"line":124,"column":11}}]},"8":{"loc":{"start":{"line":119,"column":14},"end":{"line":119,"column":77}},"type":"binary-expr","locations":[{"start":{"line":119,"column":14},"end":{"line":119,"column":28}},{"start":{"line":119,"column":32},"end":{"line":119,"column":53}},{"start":{"line":119,"column":57},"end":{"line":119,"column":77}}]},"9":{"loc":{"start":{"line":138,"column":4},"end":{"line":145,"column":5}},"type":"if","locations":[{"start":{"line":138,"column":4},"end":{"line":145,"column":5}},{"start":{},"end":{}}]},"10":{"loc":{"start":{"line":147,"column":4},"end":{"line":187,"column":5}},"type":"if","locations":[{"start":{"line":147,"column":4},"end":{"line":187,"column":5}},{"start":{},"end":{}}]},"11":{"loc":{"start":{"line":147,"column":8},"end":{"line":147,"column":65}},"type":"binary-expr","locations":[{"start":{"line":147,"column":8},"end":{"line":147,"column":26}},{"start":{"line":147,"column":30},"end":{"line":147,"column":46}},{"start":{"line":147,"column":50},"end":{"line":147,"column":65}}]},"12":{"loc":{"start":{"line":169,"column":14},"end":{"line":175,"column":15}},"type":"if","locations":[{"start":{"line":169,"column":14},"end":{"line":175,"column":15}},{"start":{"line":172,"column":21},"end":{"line":175,"column":15}}]},"13":{"loc":{"start":{"line":169,"column":18},"end":{"line":169,"column":81}},"type":"binary-expr","locations":[{"start":{"line":169,"column":18},"end":{"line":169,"column":32}},{"start":{"line":169,"column":36},"end":{"line":169,"column":57}},{"start":{"line":169,"column":61},"end":{"line":169,"column":81}}]},"14":{"loc":{"start":{"line":197,"column":43},"end":{"line":197,"column":64}},"type":"default-arg","locations":[{"start":{"line":197,"column":59},"end":{"line":197,"column":64}}]},"15":{"loc":{"start":{"line":198,"column":4},"end":{"line":200,"column":5}},"type":"if","locations":[{"start":{"line":198,"column":4},"end":{"line":200,"column":5}},{"start":{},"end":{}}]},"16":{"loc":{"start":{"line":198,"column":8},"end":{"line":198,"column":68}},"type":"binary-expr","locations":[{"start":{"line":198,"column":8},"end":{"line":198,"column":27}},{"start":{"line":198,"column":31},"end":{"line":198,"column":48}},{"start":{"line":198,"column":52},"end":{"line":198,"column":68}}]},"17":{"loc":{"start":{"line":218,"column":12},"end":{"line":227,"column":13}},"type":"if","locations":[{"start":{"line":218,"column":12},"end":{"line":227,"column":13}},{"start":{"line":225,"column":19},"end":{"line":227,"column":13}}]},"18":{"loc":{"start":{"line":218,"column":16},"end":{"line":218,"column":79}},"type":"binary-expr","locations":[{"start":{"line":218,"column":16},"end":{"line":218,"column":30}},{"start":{"line":218,"column":34},"end":{"line":218,"column":55}},{"start":{"line":218,"column":59},"end":{"line":218,"column":79}}]},"19":{"loc":{"start":{"line":221,"column":24},"end":{"line":221,"column":41}},"type":"binary-expr","locations":[{"start":{"line":221,"column":24},"end":{"line":221,"column":35}},{"start":{"line":221,"column":39},"end":{"line":221,"column":41}}]}},"s":{"0":2,"1":2,"2":9,"3":9,"4":9,"5":9,"6":3,"7":3,"8":3,"9":3,"10":6,"11":3,"12":3,"13":3,"14":3,"15":3,"16":3,"17":3,"18":3,"19":3,"20":3,"21":3,"22":3,"23":3,"24":3,"25":3,"26":3,"27":2,"28":2,"29":2,"30":0,"31":1,"32":3,"33":0,"34":3,"35":3,"36":2,"37":2,"38":2,"39":2,"40":2,"41":2,"42":2,"43":2,"44":2,"45":1,"46":1,"47":1,"48":2,"49":0,"50":2,"51":2,"52":6,"53":2,"54":2,"55":1,"56":1,"57":4,"58":2,"59":2,"60":1,"61":1,"62":1,"63":1,"64":1,"65":1,"66":1,"67":1,"68":1,"69":1,"70":1,"71":1,"72":0,"73":0,"74":1,"75":0,"76":1,"77":1,"78":1,"79":1,"80":2,"81":2,"82":2,"83":3,"84":2,"85":1,"86":1,"87":1,"88":1,"89":1,"90":1,"91":1,"92":1,"93":1,"94":1,"95":1,"96":1,"97":1,"98":1,"99":0,"100":0,"101":1,"102":0,"103":1,"104":0,"105":0,"106":2},"f":{"0":9,"1":3,"2":6,"3":3,"4":3,"5":3,"6":3,"7":3,"8":0,"9":2,"10":2,"11":2,"12":2,"13":2,"14":0,"15":6,"16":1,"17":1,"18":1,"19":1,"20":0,"21":3,"22":1,"23":1,"24":1,"25":1,"26":0},"b":{"0":[0],"1":[9,6,6],"2":[9,6,6],"3":[9,6,6],"4":[9,7,7],"5":[2,1],"6":[3,3,3],"7":[1,1],"8":[2,2,2],"9":[2,4],"10":[2,2],"11":[4,2,2],"12":[1,0],"13":[1,1,1],"14":[3],"15":[2,1],"16":[3,1,1],"17":[1,0],"18":[1,1,1],"19":[1,0]}}
,"/home/lucas/Proyectos/Prueba Whatsapp/src/infrastructure/adapters/WhatsAppAdapter.ts": {"path":"/home/lucas/Proyectos/Prueba Whatsapp/src/infrastructure/adapters/WhatsAppAdapter.ts","statementMap":{"0":{"start":{"line":1,"column":0},"end":{"line":1,"column":96}},"1":{"start":{"line":2,"column":0},"end":{"line":2,"column":42}},"2":{"start":{"line":3,"column":0},"end":{"line":3,"column":24}},"3":{"start":{"line":5,"column":0},"end":{"line":5,"column":62}},"4":{"start":{"line":6,"column":0},"end":{"line":6,"column":74}},"5":{"start":{"line":7,"column":0},"end":{"line":7,"column":65}},"6":{"start":{"line":17,"column":27},"end":{"line":17,"column":59}},"7":{"start":{"line":22,"column":4},"end":{"line":22,"column":56}},"8":{"start":{"line":23,"column":4},"end":{"line":23,"column":37}},"9":{"start":{"line":27,"column":33},"end":{"line":27,"column":75}},"10":{"start":{"line":30,"column":19},"end":{"line":30,"column":51}},"11":{"start":{"line":32,"column":17},"end":{"line":36,"column":6}},"12":{"start":{"line":38,"column":4},"end":{"line":38,"column":42}},"13":{"start":{"line":40,"column":4},"end":{"line":60,"column":7}},"14":{"start":{"line":41,"column":49},"end":{"line":41,"column":55}},"15":{"start":{"line":43,"column":6},"end":{"line":46,"column":7}},"16":{"start":{"line":44,"column":8},"end":{"line":44,"column":99}},"17":{"start":{"line":45,"column":8},"end":{"line":45,"column":45}},"18":{"start":{"line":48,"column":6},"end":{"line":59,"column":7}},"19":{"start":{"line":49,"column":33},"end":{"line":49,"column":114}},"20":{"start":{"line":50,"column":8},"end":{"line":50,"column":74}},"21":{"start":{"line":52,"column":8},"end":{"line":56,"column":9}},"22":{"start":{"line":53,"column":10},"end":{"line":53,"column":23}},"23":{"start":{"line":55,"column":10},"end":{"line":55,"column":110}},"24":{"start":{"line":57,"column":13},"end":{"line":59,"column":7}},"25":{"start":{"line":58,"column":8},"end":{"line":58,"column":87}},"26":{"start":{"line":62,"column":4},"end":{"line":94,"column":7}},"27":{"start":{"line":64,"column":6},"end":{"line":64,"column":38}},"28":{"start":{"line":64,"column":31},"end":{"line":64,"column":38}},"29":{"start":{"line":66,"column":18},"end":{"line":66,"column":31}},"30":{"start":{"line":69,"column":6},"end":{"line":69,"column":79}},"31":{"start":{"line":69,"column":72},"end":{"line":69,"column":79}},"32":{"start":{"line":71,"column":24},"end":{"line":71,"column":41}},"33":{"start":{"line":74,"column":6},"end":{"line":76,"column":7}},"34":{"start":{"line":75,"column":8},"end":{"line":75,"column":15}},"35":{"start":{"line":79,"column":29},"end":{"line":79,"column":81}},"36":{"start":{"line":80,"column":19},"end":{"line":83,"column":21}},"37":{"start":{"line":85,"column":6},"end":{"line":85,"column":31}},"38":{"start":{"line":85,"column":24},"end":{"line":85,"column":31}},"39":{"start":{"line":87,"column":6},"end":{"line":87,"column":75}},"40":{"start":{"line":89,"column":6},"end":{"line":93,"column":7}},"41":{"start":{"line":90,"column":8},"end":{"line":90,"column":64}},"42":{"start":{"line":92,"column":8},"end":{"line":92,"column":74}},"43":{"start":{"line":99,"column":4},"end":{"line":120,"column":5}},"44":{"start":{"line":100,"column":24},"end":{"line":100,"column":62}},"45":{"start":{"line":101,"column":6},"end":{"line":101,"column":79}},"46":{"start":{"line":103,"column":21},"end":{"line":103,"column":106}},"47":{"start":{"line":104,"column":6},"end":{"line":107,"column":9}},"48":{"start":{"line":110,"column":23},"end":{"line":110,"column":46}},"49":{"start":{"line":111,"column":6},"end":{"line":113,"column":9}},"50":{"start":{"line":116,"column":26},"end":{"line":116,"column":49}},"51":{"start":{"line":117,"column":6},"end":{"line":117,"column":64}},"52":{"start":{"line":118,"column":6},"end":{"line":118,"column":68}},"53":{"start":{"line":119,"column":6},"end":{"line":119,"column":13}},"54":{"start":{"line":122,"column":20},"end":{"line":122,"column":55}},"55":{"start":{"line":125,"column":4},"end":{"line":130,"column":5}},"56":{"start":{"line":126,"column":6},"end":{"line":126,"column":64}},"57":{"start":{"line":127,"column":6},"end":{"line":127,"column":44}},"58":{"start":{"line":128,"column":6},"end":{"line":128,"column":122}},"59":{"start":{"line":129,"column":6},"end":{"line":129,"column":13}},"60":{"start":{"line":133,"column":24},"end":{"line":133,"column":55}},"61":{"start":{"line":134,"column":4},"end":{"line":141,"column":5}},"62":{"start":{"line":135,"column":30},"end":{"line":135,"column":91}},"63":{"start":{"line":136,"column":6},"end":{"line":140,"column":7}},"64":{"start":{"line":137,"column":8},"end":{"line":137,"column":110}},"65":{"start":{"line":138,"column":8},"end":{"line":138,"column":100}},"66":{"start":{"line":139,"column":8},"end":{"line":139,"column":15}},"67":{"start":{"line":144,"column":47},"end":{"line":144,"column":81}},"68":{"start":{"line":146,"column":4},"end":{"line":180,"column":5}},"69":{"start":{"line":148,"column":6},"end":{"line":150,"column":7}},"70":{"start":{"line":149,"column":8},"end":{"line":149,"column":92}},"71":{"start":{"line":152,"column":23},"end":{"line":152,"column":31}},"72":{"start":{"line":155,"column":6},"end":{"line":163,"column":7}},"73":{"start":{"line":156,"column":24},"end":{"line":156,"column":99}},"74":{"start":{"line":157,"column":8},"end":{"line":157,"column":112}},"75":{"start":{"line":158,"column":8},"end":{"line":158,"column":85}},"76":{"start":{"line":160,"column":27},"end":{"line":160,"column":64}},"77":{"start":{"line":161,"column":8},"end":{"line":161,"column":40}},"78":{"start":{"line":161,"column":34},"end":{"line":161,"column":40}},"79":{"start":{"line":162,"column":8},"end":{"line":162,"column":41}},"80":{"start":{"line":166,"column":6},"end":{"line":166,"column":86}},"81":{"start":{"line":167,"column":6},"end":{"line":167,"column":67}},"82":{"start":{"line":170,"column":6},"end":{"line":174,"column":7}},"83":{"start":{"line":171,"column":8},"end":{"line":171,"column":85}},"84":{"start":{"line":172,"column":8},"end":{"line":172,"column":66}},"85":{"start":{"line":173,"column":8},"end":{"line":173,"column":46}},"86":{"start":{"line":177,"column":26},"end":{"line":177,"column":57}},"87":{"start":{"line":178,"column":6},"end":{"line":178,"column":104}},"88":{"start":{"line":179,"column":6},"end":{"line":179,"column":94}},"89":{"start":{"line":16,"column":0},"end":{"line":16,"column":13}}},"fnMap":{"0":{"name":"(anonymous_10)","decl":{"start":{"line":21,"column":2},"end":{"line":21,"column":14}},"loc":{"start":{"line":21,"column":66},"end":{"line":24,"column":3}}},"1":{"name":"(anonymous_11)","decl":{"start":{"line":26,"column":2},"end":{"line":26,"column":7}},"loc":{"start":{"line":26,"column":13},"end":{"line":95,"column":3}}},"2":{"name":"(anonymous_12)","decl":{"start":{"line":40,"column":36},"end":{"line":40,"column":37}},"loc":{"start":{"line":40,"column":52},"end":{"line":60,"column":5}}},"3":{"name":"(anonymous_13)","decl":{"start":{"line":62,"column":34},"end":{"line":62,"column":39}},"loc":{"start":{"line":62,"column":51},"end":{"line":94,"column":5}}},"4":{"name":"(anonymous_14)","decl":{"start":{"line":97,"column":10},"end":{"line":97,"column":15}},"loc":{"start":{"line":97,"column":73},"end":{"line":181,"column":3}}}},"branchMap":{"0":{"loc":{"start":{"line":43,"column":6},"end":{"line":46,"column":7}},"type":"if","locations":[{"start":{"line":43,"column":6},"end":{"line":46,"column":7}},{"start":{},"end":{}}]},"1":{"loc":{"start":{"line":48,"column":6},"end":{"line":59,"column":7}},"type":"if","locations":[{"start":{"line":48,"column":6},"end":{"line":59,"column":7}},{"start":{"line":57,"column":13},"end":{"line":59,"column":7}}]},"2":{"loc":{"start":{"line":52,"column":8},"end":{"line":56,"column":9}},"type":"if","locations":[{"start":{"line":52,"column":8},"end":{"line":56,"column":9}},{"start":{"line":54,"column":15},"end":{"line":56,"column":9}}]},"3":{"loc":{"start":{"line":57,"column":13},"end":{"line":59,"column":7}},"type":"if","locations":[{"start":{"line":57,"column":13},"end":{"line":59,"column":7}},{"start":{},"end":{}}]},"4":{"loc":{"start":{"line":64,"column":6},"end":{"line":64,"column":38}},"type":"if","locations":[{"start":{"line":64,"column":6},"end":{"line":64,"column":38}},{"start":{},"end":{}}]},"5":{"loc":{"start":{"line":69,"column":6},"end":{"line":69,"column":79}},"type":"if","locations":[{"start":{"line":69,"column":6},"end":{"line":69,"column":79}},{"start":{},"end":{}}]},"6":{"loc":{"start":{"line":69,"column":10},"end":{"line":69,"column":70}},"type":"binary-expr","locations":[{"start":{"line":69,"column":10},"end":{"line":69,"column":14}},{"start":{"line":69,"column":18},"end":{"line":69,"column":30}},{"start":{"line":69,"column":34},"end":{"line":69,"column":48}},{"start":{"line":69,"column":52},"end":{"line":69,"column":70}}]},"7":{"loc":{"start":{"line":74,"column":6},"end":{"line":76,"column":7}},"type":"if","locations":[{"start":{"line":74,"column":6},"end":{"line":76,"column":7}},{"start":{},"end":{}}]},"8":{"loc":{"start":{"line":74,"column":10},"end":{"line":74,"column":110}},"type":"binary-expr","locations":[{"start":{"line":74,"column":10},"end":{"line":74,"column":37}},{"start":{"line":74,"column":41},"end":{"line":74,"column":74}},{"start":{"line":74,"column":78},"end":{"line":74,"column":110}}]},"9":{"loc":{"start":{"line":79,"column":29},"end":{"line":79,"column":81}},"type":"binary-expr","locations":[{"start":{"line":79,"column":29},"end":{"line":79,"column":66}},{"start":{"line":79,"column":70},"end":{"line":79,"column":81}}]},"10":{"loc":{"start":{"line":80,"column":19},"end":{"line":83,"column":21}},"type":"binary-expr","locations":[{"start":{"line":80,"column":19},"end":{"line":80,"column":46}},{"start":{"line":81,"column":19},"end":{"line":81,"column":59}},{"start":{"line":82,"column":19},"end":{"line":82,"column":74}},{"start":{"line":83,"column":19},"end":{"line":83,"column":21}}]},"11":{"loc":{"start":{"line":85,"column":6},"end":{"line":85,"column":31}},"type":"if","locations":[{"start":{"line":85,"column":6},"end":{"line":85,"column":31}},{"start":{},"end":{}}]},"12":{"loc":{"start":{"line":99,"column":4},"end":{"line":120,"column":5}},"type":"if","locations":[{"start":{"line":99,"column":4},"end":{"line":120,"column":5}},{"start":{},"end":{}}]},"13":{"loc":{"start":{"line":125,"column":4},"end":{"line":130,"column":5}},"type":"if","locations":[{"start":{"line":125,"column":4},"end":{"line":130,"column":5}},{"start":{},"end":{}}]},"14":{"loc":{"start":{"line":125,"column":8},"end":{"line":125,"column":71}},"type":"binary-expr","locations":[{"start":{"line":125,"column":8},"end":{"line":125,"column":38}},{"start":{"line":125,"column":42},"end":{"line":125,"column":71}}]},"15":{"loc":{"start":{"line":134,"column":4},"end":{"line":141,"column":5}},"type":"if","locations":[{"start":{"line":134,"column":4},"end":{"line":141,"column":5}},{"start":{},"end":{}}]},"16":{"loc":{"start":{"line":136,"column":6},"end":{"line":140,"column":7}},"type":"if","locations":[{"start":{"line":136,"column":6},"end":{"line":140,"column":7}},{"start":{},"end":{}}]},"17":{"loc":{"start":{"line":146,"column":4},"end":{"line":180,"column":5}},"type":"if","locations":[{"start":{"line":146,"column":4},"end":{"line":180,"column":5}},{"start":{"line":175,"column":11},"end":{"line":180,"column":5}}]},"18":{"loc":{"start":{"line":148,"column":6},"end":{"line":150,"column":7}},"type":"if","locations":[{"start":{"line":148,"column":6},"end":{"line":150,"column":7}},{"start":{},"end":{}}]},"19":{"loc":{"start":{"line":155,"column":13},"end":{"line":155,"column":126}},"type":"binary-expr","locations":[{"start":{"line":155,"column":13},"end":{"line":155,"column":23}},{"start":{"line":155,"column":27},"end":{"line":155,"column":49}},{"start":{"line":155,"column":53},"end":{"line":155,"column":126}}]},"20":{"loc":{"start":{"line":161,"column":8},"end":{"line":161,"column":40}},"type":"if","locations":[{"start":{"line":161,"column":8},"end":{"line":161,"column":40}},{"start":{},"end":{}}]},"21":{"loc":{"start":{"line":170,"column":6},"end":{"line":174,"column":7}},"type":"if","locations":[{"start":{"line":170,"column":6},"end":{"line":174,"column":7}},{"start":{},"end":{}}]},"22":{"loc":{"start":{"line":170,"column":10},"end":{"line":170,"column":75}},"type":"binary-expr","locations":[{"start":{"line":170,"column":10},"end":{"line":170,"column":39}},{"start":{"line":170,"column":43},"end":{"line":170,"column":75}}]}},"s":{"0":1,"1":1,"2":1,"3":1,"4":1,"5":1,"6":5,"7":5,"8":5,"9":5,"10":5,"11":5,"12":5,"13":5,"14":3,"15":3,"16":1,"17":1,"18":3,"19":1,"20":1,"21":1,"22":0,"23":1,"24":2,"25":1,"26":5,"27":12,"28":1,"29":11,"30":11,"31":1,"32":10,"33":10,"34":2,"35":8,"36":8,"37":8,"38":0,"39":8,"40":8,"41":8,"42":0,"43":8,"44":3,"45":3,"46":3,"47":3,"48":3,"49":3,"50":3,"51":3,"52":3,"53":3,"54":5,"55":5,"56":1,"57":1,"58":1,"59":1,"60":4,"61":4,"62":2,"63":2,"64":1,"65":1,"66":1,"67":3,"68":3,"69":3,"70":1,"71":3,"72":3,"73":1,"74":1,"75":1,"76":1,"77":1,"78":0,"79":1,"80":3,"81":3,"82":3,"83":1,"84":1,"85":1,"86":0,"87":0,"88":0,"89":1},"f":{"0":5,"1":5,"2":3,"3":12,"4":8},"b":{"0":[1,2],"1":[1,2],"2":[0,1],"3":[1,1],"4":[1,11],"5":[1,10],"6":[11,11,11,10],"7":[2,8],"8":[10,9,9],"9":[8,8],"10":[8,0,0,0],"11":[0,8],"12":[3,5],"13":[1,4],"14":[5,4],"15":[2,2],"16":[1,1],"17":[3,0],"18":[1,2],"19":[4,4,3],"20":[0,1],"21":[1,2],"22":[3,2]}}
,"/home/lucas/Proyectos/Prueba Whatsapp/src/infrastructure/repositories/CompositeLeadRepository.ts": {"path":"/home/lucas/Proyectos/Prueba Whatsapp/src/infrastructure/repositories/CompositeLeadRepository.ts","statementMap":{"0":{"start":{"line":8,"column":4},"end":{"line":8,"column":37}},"1":{"start":{"line":12,"column":21},"end":{"line":15,"column":null}},"2":{"start":{"line":13,"column":6},"end":{"line":15,"column":8}},"3":{"start":{"line":14,"column":8},"end":{"line":14,"column":103}},"4":{"start":{"line":17,"column":4},"end":{"line":17,"column":32}},"5":{"start":{"line":21,"column":21},"end":{"line":24,"column":null}},"6":{"start":{"line":22,"column":6},"end":{"line":24,"column":8}},"7":{"start":{"line":23,"column":8},"end":{"line":23,"column":103}},"8":{"start":{"line":26,"column":4},"end":{"line":26,"column":32}},"9":{"start":{"line":4,"column":0},"end":{"line":4,"column":13}}},"fnMap":{"0":{"name":"(anonymous_0)","decl":{"start":{"line":7,"column":2},"end":{"line":7,"column":14}},"loc":{"start":{"line":7,"column":44},"end":{"line":9,"column":3}}},"1":{"name":"(anonymous_1)","decl":{"start":{"line":11,"column":2},"end":{"line":11,"column":7}},"loc":{"start":{"line":11,"column":58},"end":{"line":18,"column":3}}},"2":{"name":"(anonymous_2)","decl":{"start":{"line":12,"column":43},"end":{"line":12,"column":47}},"loc":{"start":{"line":13,"column":6},"end":{"line":15,"column":8}}},"3":{"name":"(anonymous_3)","decl":{"start":{"line":13,"column":47},"end":{"line":13,"column":50}},"loc":{"start":{"line":13,"column":53},"end":{"line":15,"column":7}}},"4":{"name":"(anonymous_4)","decl":{"start":{"line":20,"column":2},"end":{"line":20,"column":7}},"loc":{"start":{"line":20,"column":64},"end":{"line":27,"column":3}}},"5":{"name":"(anonymous_5)","decl":{"start":{"line":21,"column":43},"end":{"line":21,"column":47}},"loc":{"start":{"line":22,"column":6},"end":{"line":24,"column":8}}},"6":{"name":"(anonymous_6)","decl":{"start":{"line":22,"column":50},"end":{"line":22,"column":53}},"loc":{"start":{"line":22,"column":56},"end":{"line":24,"column":7}}}},"branchMap":{},"s":{"0":2,"1":1,"2":2,"3":1,"4":1,"5":1,"6":2,"7":1,"8":1,"9":1},"f":{"0":2,"1":1,"2":2,"3":1,"4":1,"5":2,"6":1},"b":{}}
,"/home/lucas/Proyectos/Prueba Whatsapp/src/infrastructure/repositories/CsvLeadRepository.ts": {"path":"/home/lucas/Proyectos/Prueba Whatsapp/src/infrastructure/repositories/CsvLeadRepository.ts","statementMap":{"0":{"start":{"line":1,"column":0},"end":{"line":1,"column":25}},"1":{"start":{"line":2,"column":0},"end":{"line":2,"column":29}},"2":{"start":{"line":11,"column":4},"end":{"line":13,"column":5}},"3":{"start":{"line":12,"column":6},"end":{"line":12,"column":55}},"4":{"start":{"line":14,"column":4},"end":{"line":14,"column":66}},"5":{"start":{"line":15,"column":4},"end":{"line":15,"column":72}},"6":{"start":{"line":16,"column":4},"end":{"line":16,"column":27}},"7":{"start":{"line":20,"column":4},"end":{"line":22,"column":5}},"8":{"start":{"line":21,"column":6},"end":{"line":21,"column":108}},"9":{"start":{"line":23,"column":4},"end":{"line":25,"column":5}},"10":{"start":{"line":24,"column":6},"end":{"line":24,"column":118}},"11":{"start":{"line":30,"column":20},"end":{"line":30,"column":45}},"12":{"start":{"line":31,"column":4},"end":{"line":33,"column":5}},"13":{"start":{"line":32,"column":6},"end":{"line":32,"column":28}},"14":{"start":{"line":34,"column":4},"end":{"line":34,"column":19}},"15":{"start":{"line":38,"column":16},"end":{"line":44,"column":47}},"16":{"start":{"line":44,"column":17},"end":{"line":44,"column":36}},"17":{"start":{"line":46,"column":4},"end":{"line":46,"column":73}},"18":{"start":{"line":50,"column":16},"end":{"line":56,"column":47}},"19":{"start":{"line":56,"column":17},"end":{"line":56,"column":36}},"20":{"start":{"line":58,"column":4},"end":{"line":58,"column":76}},"21":{"start":{"line":6,"column":0},"end":{"line":6,"column":13}}},"fnMap":{"0":{"name":"(anonymous_9)","decl":{"start":{"line":10,"column":2},"end":{"line":10,"column":14}},"loc":{"start":{"line":10,"column":52},"end":{"line":17,"column":3}}},"1":{"name":"(anonymous_10)","decl":{"start":{"line":19,"column":10},"end":{"line":19,"column":25}},"loc":{"start":{"line":19,"column":25},"end":{"line":26,"column":3}}},"2":{"name":"(anonymous_11)","decl":{"start":{"line":28,"column":10},"end":{"line":28,"column":19}},"loc":{"start":{"line":28,"column":33},"end":{"line":35,"column":3}}},"3":{"name":"(anonymous_12)","decl":{"start":{"line":37,"column":2},"end":{"line":37,"column":7}},"loc":{"start":{"line":37,"column":58},"end":{"line":47,"column":3}}},"4":{"name":"(anonymous_13)","decl":{"start":{"line":44,"column":10},"end":{"line":44,"column":13}},"loc":{"start":{"line":44,"column":17},"end":{"line":44,"column":36}}},"5":{"name":"(anonymous_14)","decl":{"start":{"line":49,"column":2},"end":{"line":49,"column":7}},"loc":{"start":{"line":49,"column":64},"end":{"line":59,"column":3}}},"6":{"name":"(anonymous_15)","decl":{"start":{"line":56,"column":10},"end":{"line":56,"column":13}},"loc":{"start":{"line":56,"column":17},"end":{"line":56,"column":36}}}},"branchMap":{"0":{"loc":{"start":{"line":10,"column":14},"end":{"line":10,"column":52}},"type":"default-arg","locations":[{"start":{"line":10,"column":38},"end":{"line":10,"column":52}}]},"1":{"loc":{"start":{"line":11,"column":4},"end":{"line":13,"column":5}},"type":"if","locations":[{"start":{"line":11,"column":4},"end":{"line":13,"column":5}},{"start":{},"end":{}}]},"2":{"loc":{"start":{"line":20,"column":4},"end":{"line":22,"column":5}},"type":"if","locations":[{"start":{"line":20,"column":4},"end":{"line":22,"column":5}},{"start":{},"end":{}}]},"3":{"loc":{"start":{"line":23,"column":4},"end":{"line":25,"column":5}},"type":"if","locations":[{"start":{"line":23,"column":4},"end":{"line":25,"column":5}},{"start":{},"end":{}}]},"4":{"loc":{"start":{"line":31,"column":4},"end":{"line":33,"column":5}},"type":"if","locations":[{"start":{"line":31,"column":4},"end":{"line":33,"column":5}},{"start":{},"end":{}}]},"5":{"loc":{"start":{"line":40,"column":6},"end":{"line":40,"column":23}},"type":"binary-expr","locations":[{"start":{"line":40,"column":6},"end":{"line":40,"column":17}},{"start":{"line":40,"column":21},"end":{"line":40,"column":23}}]},"6":{"loc":{"start":{"line":41,"column":6},"end":{"line":41,"column":41}},"type":"binary-expr","locations":[{"start":{"line":41,"column":6},"end":{"line":41,"column":35}},{"start":{"line":41,"column":39},"end":{"line":41,"column":41}}]},"7":{"loc":{"start":{"line":42,"column":6},"end":{"line":42,"column":41}},"type":"binary-expr","locations":[{"start":{"line":42,"column":6},"end":{"line":42,"column":35}},{"start":{"line":42,"column":39},"end":{"line":42,"column":41}}]},"8":{"loc":{"start":{"line":43,"column":6},"end":{"line":43,"column":24}},"type":"binary-expr","locations":[{"start":{"line":43,"column":6},"end":{"line":43,"column":18}},{"start":{"line":43,"column":22},"end":{"line":43,"column":24}}]},"9":{"loc":{"start":{"line":52,"column":6},"end":{"line":52,"column":23}},"type":"binary-expr","locations":[{"start":{"line":52,"column":6},"end":{"line":52,"column":17}},{"start":{"line":52,"column":21},"end":{"line":52,"column":23}}]},"10":{"loc":{"start":{"line":53,"column":6},"end":{"line":53,"column":41}},"type":"binary-expr","locations":[{"start":{"line":53,"column":6},"end":{"line":53,"column":35}},{"start":{"line":53,"column":39},"end":{"line":53,"column":41}}]},"11":{"loc":{"start":{"line":54,"column":6},"end":{"line":54,"column":41}},"type":"binary-expr","locations":[{"start":{"line":54,"column":6},"end":{"line":54,"column":35}},{"start":{"line":54,"column":39},"end":{"line":54,"column":41}}]},"12":{"loc":{"start":{"line":55,"column":6},"end":{"line":55,"column":31}},"type":"binary-expr","locations":[{"start":{"line":55,"column":6},"end":{"line":55,"column":25}},{"start":{"line":55,"column":29},"end":{"line":55,"column":31}}]}},"s":{"0":1,"1":1,"2":4,"3":2,"4":4,"5":4,"6":4,"7":4,"8":2,"9":4,"10":2,"11":10,"12":10,"13":2,"14":8,"15":1,"16":5,"17":1,"18":1,"19":5,"20":1,"21":1},"f":{"0":4,"1":4,"2":10,"3":1,"4":5,"5":1,"6":5},"b":{"0":[0],"1":[2,2],"2":[2,2],"3":[2,2],"4":[2,8],"5":[1,0],"6":[1,0],"7":[1,0],"8":[1,0],"9":[1,0],"10":[1,0],"11":[1,0],"12":[1,0]}}
,"/home/lucas/Proyectos/Prueba Whatsapp/src/infrastructure/repositories/GoogleSheetsLeadRepository.ts": {"path":"/home/lucas/Proyectos/Prueba Whatsapp/src/infrastructure/repositories/GoogleSheetsLeadRepository.ts","statementMap":{"0":{"start":{"line":3,"column":0},"end":{"line":3,"column":97}},"1":{"start":{"line":16,"column":4},"end":{"line":16,"column":62}},"2":{"start":{"line":18,"column":4},"end":{"line":18,"column":112}},"3":{"start":{"line":19,"column":4},"end":{"line":19,"column":123}},"4":{"start":{"line":23,"column":4},"end":{"line":23,"column":36}},"5":{"start":{"line":30,"column":22},"end":{"line":30,"column":41}},"6":{"start":{"line":31,"column":16},"end":{"line":38,"column":6}},"7":{"start":{"line":40,"column":4},"end":{"line":40,"column":62}},"8":{"start":{"line":47,"column":22},"end":{"line":47,"column":41}},"9":{"start":{"line":48,"column":16},"end":{"line":55,"column":6}},"10":{"start":{"line":57,"column":4},"end":{"line":57,"column":65}},"11":{"start":{"line":64,"column":4},"end":{"line":64,"column":57}},"12":{"start":{"line":71,"column":4},"end":{"line":71,"column":60}},"13":{"start":{"line":10,"column":0},"end":{"line":10,"column":13}}},"fnMap":{"0":{"name":"(anonymous_0)","decl":{"start":{"line":15,"column":2},"end":{"line":15,"column":14}},"loc":{"start":{"line":15,"column":84},"end":{"line":20,"column":3}}},"1":{"name":"(anonymous_1)","decl":{"start":{"line":22,"column":10},"end":{"line":22,"column":22}},"loc":{"start":{"line":22,"column":22},"end":{"line":24,"column":3}}},"2":{"name":"(anonymous_2)","decl":{"start":{"line":29,"column":2},"end":{"line":29,"column":7}},"loc":{"start":{"line":29,"column":58},"end":{"line":41,"column":3}}},"3":{"name":"(anonymous_3)","decl":{"start":{"line":46,"column":2},"end":{"line":46,"column":7}},"loc":{"start":{"line":46,"column":64},"end":{"line":58,"column":3}}},"4":{"name":"(anonymous_4)","decl":{"start":{"line":63,"column":2},"end":{"line":63,"column":7}},"loc":{"start":{"line":63,"column":20},"end":{"line":65,"column":3}}},"5":{"name":"(anonymous_5)","decl":{"start":{"line":70,"column":2},"end":{"line":70,"column":7}},"loc":{"start":{"line":70,"column":22},"end":{"line":72,"column":3}}}},"branchMap":{"0":{"loc":{"start":{"line":15,"column":14},"end":{"line":15,"column":53}},"type":"default-arg","locations":[{"start":{"line":15,"column":51},"end":{"line":15,"column":53}}]},"1":{"loc":{"start":{"line":16,"column":19},"end":{"line":16,"column":61}},"type":"binary-expr","locations":[{"start":{"line":16,"column":19},"end":{"line":16,"column":26}},{"start":{"line":16,"column":30},"end":{"line":16,"column":61}}]},"2":{"loc":{"start":{"line":18,"column":29},"end":{"line":18,"column":111}},"type":"binary-expr","locations":[{"start":{"line":18,"column":29},"end":{"line":18,"column":53}},{"start":{"line":18,"column":57},"end":{"line":18,"column":96}},{"start":{"line":18,"column":100},"end":{"line":18,"column":111}}]},"3":{"loc":{"start":{"line":19,"column":32},"end":{"line":19,"column":122}},"type":"binary-expr","locations":[{"start":{"line":19,"column":32},"end":{"line":19,"column":59}},{"start":{"line":19,"column":63},"end":{"line":19,"column":105}},{"start":{"line":19,"column":109},"end":{"line":19,"column":122}}]},"4":{"loc":{"start":{"line":34,"column":6},"end":{"line":34,"column":23}},"type":"binary-expr","locations":[{"start":{"line":34,"column":6},"end":{"line":34,"column":17}},{"start":{"line":34,"column":21},"end":{"line":34,"column":23}}]},"5":{"loc":{"start":{"line":35,"column":6},"end":{"line":35,"column":41}},"type":"binary-expr","locations":[{"start":{"line":35,"column":6},"end":{"line":35,"column":35}},{"start":{"line":35,"column":39},"end":{"line":35,"column":41}}]},"6":{"loc":{"start":{"line":36,"column":6},"end":{"line":36,"column":41}},"type":"binary-expr","locations":[{"start":{"line":36,"column":6},"end":{"line":36,"column":35}},{"start":{"line":36,"column":39},"end":{"line":36,"column":41}}]},"7":{"loc":{"start":{"line":37,"column":6},"end":{"line":37,"column":24}},"type":"binary-expr","locations":[{"start":{"line":37,"column":6},"end":{"line":37,"column":18}},{"start":{"line":37,"column":22},"end":{"line":37,"column":24}}]},"8":{"loc":{"start":{"line":51,"column":6},"end":{"line":51,"column":23}},"type":"binary-expr","locations":[{"start":{"line":51,"column":6},"end":{"line":51,"column":17}},{"start":{"line":51,"column":21},"end":{"line":51,"column":23}}]},"9":{"loc":{"start":{"line":52,"column":6},"end":{"line":52,"column":41}},"type":"binary-expr","locations":[{"start":{"line":52,"column":6},"end":{"line":52,"column":35}},{"start":{"line":52,"column":39},"end":{"line":52,"column":41}}]},"10":{"loc":{"start":{"line":53,"column":7},"end":{"line":53,"column":50}},"type":"binary-expr","locations":[{"start":{"line":53,"column":7},"end":{"line":53,"column":44}},{"start":{"line":53,"column":48},"end":{"line":53,"column":50}}]},"11":{"loc":{"start":{"line":54,"column":6},"end":{"line":54,"column":31}},"type":"binary-expr","locations":[{"start":{"line":54,"column":6},"end":{"line":54,"column":25}},{"start":{"line":54,"column":29},"end":{"line":54,"column":31}}]}},"s":{"0":1,"1":5,"2":5,"3":5,"4":4,"5":2,"6":2,"7":2,"8":2,"9":2,"10":2,"11":2,"12":2,"13":1},"f":{"0":5,"1":4,"2":2,"3":2,"4":2,"5":2},"b":{"0":[0],"1":[5,4],"2":[5,4,4],"3":[5,4,4],"4":[2,0],"5":[2,2],"6":[2,2],"7":[2,2],"8":[2,0],"9":[2,2],"10":[2,2],"11":[2,2]}}
,"/home/lucas/Proyectos/Prueba Whatsapp/src/infrastructure/repositories/LeadRepositoryFactory.ts": {"path":"/home/lucas/Proyectos/Prueba Whatsapp/src/infrastructure/repositories/LeadRepositoryFactory.ts","statementMap":{"0":{"start":{"line":57,"column":0},"end":{"line":57,"column":16}},"1":{"start":{"line":2,"column":0},"end":{"line":2,"column":56}},"2":{"start":{"line":3,"column":0},"end":{"line":3,"column":74}},"3":{"start":{"line":4,"column":0},"end":{"line":4,"column":68}},"4":{"start":{"line":18,"column":17},"end":{"line":18,"column":60}},"5":{"start":{"line":20,"column":4},"end":{"line":30,"column":5}},"6":{"start":{"line":21,"column":23},"end":{"line":21,"column":63}},"7":{"start":{"line":22,"column":6},"end":{"line":29,"column":9}},"8":{"start":{"line":32,"column":4},"end":{"line":46,"column":5}},"9":{"start":{"line":33,"column":22},"end":{"line":33,"column":64}},"10":{"start":{"line":34,"column":22},"end":{"line":34,"column":52}},"11":{"start":{"line":35,"column":23},"end":{"line":35,"column":63}},"12":{"start":{"line":36,"column":21},"end":{"line":43,"column":8}},"13":{"start":{"line":45,"column":6},"end":{"line":45,"column":60}},"14":{"start":{"line":49,"column":20},"end":{"line":49,"column":62}},"15":{"start":{"line":50,"column":4},"end":{"line":50,"column":42}},"16":{"start":{"line":9,"column":0},"end":{"line":9,"column":13}},"17":{"start":{"line":58,"column":2},"end":{"line":58,"column":59}}},"fnMap":{"0":{"name":"(anonymous_0)","decl":{"start":{"line":17,"column":9},"end":{"line":17,"column":15}},"loc":{"start":{"line":17,"column":79},"end":{"line":51,"column":3}}},"1":{"name":"createLeadRepository","decl":{"start":{"line":57,"column":16},"end":{"line":57,"column":36}},"loc":{"start":{"line":57,"column":93},"end":{"line":59,"column":1}}}},"branchMap":{"0":{"loc":{"start":{"line":17,"column":23},"end":{"line":17,"column":59}},"type":"default-arg","locations":[{"start":{"line":17,"column":54},"end":{"line":17,"column":59}}]},"1":{"loc":{"start":{"line":18,"column":18},"end":{"line":18,"column":38}},"type":"binary-expr","locations":[{"start":{"line":18,"column":18},"end":{"line":18,"column":29}},{"start":{"line":18,"column":33},"end":{"line":18,"column":38}}]},"2":{"loc":{"start":{"line":20,"column":4},"end":{"line":30,"column":5}},"type":"if","locations":[{"start":{"line":20,"column":4},"end":{"line":30,"column":5}},{"start":{},"end":{}}]},"3":{"loc":{"start":{"line":20,"column":8},"end":{"line":20,"column":58}},"type":"binary-expr","locations":[{"start":{"line":20,"column":8},"end":{"line":20,"column":32}},{"start":{"line":20,"column":36},"end":{"line":20,"column":58}}]},"4":{"loc":{"start":{"line":21,"column":23},"end":{"line":21,"column":63}},"type":"binary-expr","locations":[{"start":{"line":21,"column":23},"end":{"line":21,"column":57}},{"start":{"line":21,"column":61},"end":{"line":21,"column":63}}]},"5":{"loc":{"start":{"line":32,"column":4},"end":{"line":46,"column":5}},"type":"if","locations":[{"start":{"line":32,"column":4},"end":{"line":46,"column":5}},{"start":{},"end":{}}]},"6":{"loc":{"start":{"line":33,"column":22},"end":{"line":33,"column":64}},"type":"binary-expr","locations":[{"start":{"line":33,"column":22},"end":{"line":33,"column":52}},{"start":{"line":33,"column":56},"end":{"line":33,"column":64}}]},"7":{"loc":{"start":{"line":35,"column":23},"end":{"line":35,"column":63}},"type":"binary-expr","locations":[{"start":{"line":35,"column":23},"end":{"line":35,"column":57}},{"start":{"line":35,"column":61},"end":{"line":35,"column":63}}]},"8":{"loc":{"start":{"line":49,"column":20},"end":{"line":49,"column":62}},"type":"binary-expr","locations":[{"start":{"line":49,"column":20},"end":{"line":49,"column":50}},{"start":{"line":49,"column":54},"end":{"line":49,"column":62}}]},"9":{"loc":{"start":{"line":57,"column":37},"end":{"line":57,"column":73}},"type":"default-arg","locations":[{"start":{"line":57,"column":68},"end":{"line":57,"column":73}}]}},"s":{"0":1,"1":1,"2":1,"3":1,"4":3,"5":3,"6":1,"7":1,"8":2,"9":1,"10":1,"11":1,"12":1,"13":1,"14":1,"15":1,"16":1,"17":1},"f":{"0":3,"1":1},"b":{"0":[0],"1":[3,0],"2":[1,2],"3":[3,2],"4":[1,1],"5":[1,1],"6":[1,1],"7":[1,1],"8":[1,1],"9":[0]}}
,"/home/lucas/Proyectos/Prueba Whatsapp/src/infrastructure/utils/SessionIdGenerator.ts": {"path":"/home/lucas/Proyectos/Prueba Whatsapp/src/infrastructure/utils/SessionIdGenerator.ts","statementMap":{"0":{"start":{"line":1,"column":0},"end":{"line":1,"column":25}},"1":{"start":{"line":2,"column":0},"end":{"line":2,"column":33}},"2":{"start":{"line":11,"column":21},"end":{"line":11,"column":40}},"3":{"start":{"line":12,"column":30},"end":{"line":12,"column":52}},"4":{"start":{"line":14,"column":4},"end":{"line":25,"column":5}},"5":{"start":{"line":15,"column":20},"end":{"line":15,"column":42}},"6":{"start":{"line":16,"column":6},"end":{"line":23,"column":7}},"7":{"start":{"line":17,"column":8},"end":{"line":22,"column":9}},"8":{"start":{"line":18,"column":10},"end":{"line":21,"column":11}},"9":{"start":{"line":19,"column":12},"end":{"line":19,"column":31}},"10":{"start":{"line":20,"column":12},"end":{"line":20,"column":18}},"11":{"start":{"line":24,"column":6},"end":{"line":24,"column":52}},"12":{"start":{"line":24,"column":46},"end":{"line":24,"column":52}},"13":{"start":{"line":28,"column":20},"end":{"line":28,"column":93}},"14":{"start":{"line":31,"column":22},"end":{"line":31,"column":45}},"15":{"start":{"line":34,"column":21},"end":{"line":34,"column":44}},"16":{"start":{"line":37,"column":4},"end":{"line":37,"column":49}},"17":{"start":{"line":4,"column":0},"end":{"line":4,"column":13}}},"fnMap":{"0":{"name":"(anonymous_9)","decl":{"start":{"line":9,"column":2},"end":{"line":9,"column":8}},"loc":{"start":{"line":9,"column":35},"end":{"line":38,"column":3}}}},"branchMap":{"0":{"loc":{"start":{"line":16,"column":6},"end":{"line":23,"column":7}},"type":"if","locations":[{"start":{"line":16,"column":6},"end":{"line":23,"column":7}},{"start":{},"end":{}}]},"1":{"loc":{"start":{"line":18,"column":10},"end":{"line":21,"column":11}},"type":"if","locations":[{"start":{"line":18,"column":10},"end":{"line":21,"column":11}},{"start":{},"end":{}}]},"2":{"loc":{"start":{"line":18,"column":14},"end":{"line":18,"column":58}},"type":"binary-expr","locations":[{"start":{"line":18,"column":14},"end":{"line":18,"column":25}},{"start":{"line":18,"column":29},"end":{"line":18,"column":58}}]},"3":{"loc":{"start":{"line":24,"column":6},"end":{"line":24,"column":52}},"type":"if","locations":[{"start":{"line":24,"column":6},"end":{"line":24,"column":52}},{"start":{},"end":{}}]}},"s":{"0":2,"1":2,"2":4,"3":4,"4":4,"5":8,"6":8,"7":8,"8":12,"9":4,"10":4,"11":8,"12":4,"13":4,"14":4,"15":4,"16":4,"17":2},"f":{"0":4},"b":{"0":[8,0],"1":[4,8],"2":[12,4],"3":[4,4]}}
}
