{"/home/lucas/Proyectos/Prueba Whatsapp/src/application/SessionLeadManager.ts": {"path":"/home/lucas/Proyectos/Prueba Whatsapp/src/application/SessionLeadManager.ts","statementMap":{"0":{"start":{"line":1,"column":0},"end":{"line":1,"column":80}},"1":{"start":{"line":6,"column":61},"end":{"line":6,"column":70}},"2":{"start":{"line":8,"column":22},"end":{"line":8,"column":52}},"3":{"start":{"line":14,"column":4},"end":{"line":16,"column":5}},"4":{"start":{"line":15,"column":6},"end":{"line":15,"column":42}},"5":{"start":{"line":17,"column":17},"end":{"line":17,"column":49}},"6":{"start":{"line":18,"column":4},"end":{"line":18,"column":22}},"7":{"start":{"line":25,"column":20},"end":{"line":25,"column":43}},"8":{"start":{"line":26,"column":4},"end":{"line":42,"column":5}},"9":{"start":{"line":27,"column":6},"end":{"line":41,"column":7}},"10":{"start":{"line":30,"column":8},"end":{"line":32,"column":9}},"11":{"start":{"line":31,"column":10},"end":{"line":31,"column":54}},"12":{"start":{"line":34,"column":8},"end":{"line":36,"column":9}},"13":{"start":{"line":35,"column":10},"end":{"line":35,"column":54}},"14":{"start":{"line":38,"column":8},"end":{"line":38,"column":67}},"15":{"start":{"line":40,"column":8},"end":{"line":40,"column":25}},"16":{"start":{"line":43,"column":4},"end":{"line":43,"column":21}},"17":{"start":{"line":50,"column":18},"end":{"line":50,"column":81}},"18":{"start":{"line":51,"column":4},"end":{"line":57,"column":5}},"19":{"start":{"line":52,"column":6},"end":{"line":56,"column":7}},"20":{"start":{"line":53,"column":8},"end":{"line":53,"column":35}},"21":{"start":{"line":55,"column":8},"end":{"line":55,"column":25}},"22":{"start":{"line":58,"column":4},"end":{"line":58,"column":21}},"23":{"start":{"line":66,"column":17},"end":{"line":66,"column":48}},"24":{"start":{"line":67,"column":4},"end":{"line":67,"column":22}},"25":{"start":{"line":67,"column":15},"end":{"line":67,"column":22}},"26":{"start":{"line":69,"column":19},"end":{"line":69,"column":44}},"27":{"start":{"line":70,"column":24},"end":{"line":70,"column":61}},"28":{"start":{"line":73,"column":21},"end":{"line":73,"column":52}},"29":{"start":{"line":74,"column":18},"end":{"line":74,"column":46}},"30":{"start":{"line":77,"column":4},"end":{"line":104,"column":5}},"31":{"start":{"line":78,"column":36},"end":{"line":82,"column":8}},"32":{"start":{"line":83,"column":6},"end":{"line":83,"column":65}},"33":{"start":{"line":86,"column":9},"end":{"line":104,"column":5}},"34":{"start":{"line":87,"column":33},"end":{"line":92,"column":8}},"35":{"start":{"line":93,"column":6},"end":{"line":93,"column":62}},"36":{"start":{"line":96,"column":9},"end":{"line":104,"column":5}},"37":{"start":{"line":97,"column":33},"end":{"line":102,"column":8}},"38":{"start":{"line":103,"column":6},"end":{"line":103,"column":62}},"39":{"start":{"line":107,"column":4},"end":{"line":107,"column":39}},"40":{"start":{"line":4,"column":0},"end":{"line":4,"column":13}}},"fnMap":{"0":{"name":"(anonymous_0)","decl":{"start":{"line":8,"column":2},"end":{"line":8,"column":22}},"loc":{"start":{"line":8,"column":52},"end":{"line":8,"column":56}}},"1":{"name":"(anonymous_1)","decl":{"start":{"line":13,"column":2},"end":{"line":13,"column":9}},"loc":{"start":{"line":13,"column":55},"end":{"line":19,"column":3}}},"2":{"name":"(anonymous_2)","decl":{"start":{"line":24,"column":10},"end":{"line":24,"column":23}},"loc":{"start":{"line":24,"column":36},"end":{"line":44,"column":3}}},"3":{"name":"(anonymous_3)","decl":{"start":{"line":49,"column":10},"end":{"line":49,"column":20}},"loc":{"start":{"line":49,"column":33},"end":{"line":59,"column":3}}},"4":{"name":"(anonymous_4)","decl":{"start":{"line":65,"column":2},"end":{"line":65,"column":7}},"loc":{"start":{"line":65,"column":41},"end":{"line":108,"column":3}}}},"branchMap":{"0":{"loc":{"start":{"line":14,"column":4},"end":{"line":16,"column":5}},"type":"if","locations":[{"start":{"line":14,"column":4},"end":{"line":16,"column":5}},{"start":{},"end":{}}]},"1":{"loc":{"start":{"line":26,"column":4},"end":{"line":42,"column":5}},"type":"if","locations":[{"start":{"line":26,"column":4},"end":{"line":42,"column":5}},{"start":{},"end":{}}]},"2":{"loc":{"start":{"line":30,"column":8},"end":{"line":32,"column":9}},"type":"if","locations":[{"start":{"line":30,"column":8},"end":{"line":32,"column":9}},{"start":{},"end":{}}]},"3":{"loc":{"start":{"line":34,"column":8},"end":{"line":36,"column":9}},"type":"if","locations":[{"start":{"line":34,"column":8},"end":{"line":36,"column":9}},{"start":{},"end":{}}]},"4":{"loc":{"start":{"line":51,"column":4},"end":{"line":57,"column":5}},"type":"if","locations":[{"start":{"line":51,"column":4},"end":{"line":57,"column":5}},{"start":{},"end":{}}]},"5":{"loc":{"start":{"line":67,"column":4},"end":{"line":67,"column":22}},"type":"if","locations":[{"start":{"line":67,"column":4},"end":{"line":67,"column":22}},{"start":{},"end":{}}]},"6":{"loc":{"start":{"line":70,"column":24},"end":{"line":70,"column":61}},"type":"binary-expr","locations":[{"start":{"line":70,"column":24},"end":{"line":70,"column":55}},{"start":{"line":70,"column":59},"end":{"line":70,"column":61}}]},"7":{"loc":{"start":{"line":77,"column":4},"end":{"line":104,"column":5}},"type":"if","locations":[{"start":{"line":77,"column":4},"end":{"line":104,"column":5}},{"start":{"line":86,"column":9},"end":{"line":104,"column":5}}]},"8":{"loc":{"start":{"line":86,"column":9},"end":{"line":104,"column":5}},"type":"if","locations":[{"start":{"line":86,"column":9},"end":{"line":104,"column":5}},{"start":{"line":96,"column":9},"end":{"line":104,"column":5}}]},"9":{"loc":{"start":{"line":96,"column":9},"end":{"line":104,"column":5}},"type":"if","locations":[{"start":{"line":96,"column":9},"end":{"line":104,"column":5}},{"start":{},"end":{}}]},"10":{"loc":{"start":{"line":96,"column":13},"end":{"line":96,"column":40}},"type":"binary-expr","locations":[{"start":{"line":96,"column":13},"end":{"line":96,"column":19}},{"start":{"line":96,"column":23},"end":{"line":96,"column":31}},{"start":{"line":96,"column":35},"end":{"line":96,"column":40}}]}},"s":{"0":1,"1":3,"2":3,"3":7,"4":3,"5":7,"6":7,"7":3,"8":3,"9":1,"10":1,"11":1,"12":0,"13":0,"14":0,"15":0,"16":2,"17":3,"18":3,"19":1,"20":1,"21":0,"22":2,"23":3,"24":3,"25":0,"26":3,"27":3,"28":3,"29":3,"30":3,"31":1,"32":1,"33":2,"34":1,"35":1,"36":1,"37":1,"38":1,"39":3,"40":1},"f":{"0":3,"1":7,"2":3,"3":3,"4":3},"b":{"0":[3,4],"1":[1,2],"2":[1,0],"3":[0,0],"4":[1,2],"5":[0,3],"6":[3,1],"7":[1,2],"8":[1,1],"9":[1,0],"10":[1,0,0]}}
,"/home/lucas/Proyectos/Prueba Whatsapp/src/domain/Lead.ts": {"path":"/home/lucas/Proyectos/Prueba Whatsapp/src/domain/Lead.ts","statementMap":{"0":{"start":{"line":2,"column":30},"end":{"line":2,"column":48}},"1":{"start":{"line":2,"column":66},"end":{"line":2,"column":80}},"2":{"start":{"line":3,"column":4},"end":{"line":5,"column":5}},"3":{"start":{"line":4,"column":6},"end":{"line":4,"column":71}},"4":{"start":{"line":6,"column":4},"end":{"line":8,"column":5}},"5":{"start":{"line":7,"column":6},"end":{"line":7,"column":75}},"6":{"start":{"line":9,"column":4},"end":{"line":11,"column":5}},"7":{"start":{"line":10,"column":6},"end":{"line":10,"column":70}},"8":{"start":{"line":12,"column":4},"end":{"line":14,"column":5}},"9":{"start":{"line":13,"column":6},"end":{"line":13,"column":74}},"10":{"start":{"line":18,"column":4},"end":{"line":18,"column":47}},"11":{"start":{"line":1,"column":0},"end":{"line":1,"column":13}},"12":{"start":{"line":23,"column":30},"end":{"line":23,"column":43}},"13":{"start":{"line":24,"column":23},"end":{"line":24,"column":51}},"14":{"start":{"line":25,"column":4},"end":{"line":27,"column":5}},"15":{"start":{"line":26,"column":6},"end":{"line":26,"column":73}},"16":{"start":{"line":22,"column":0},"end":{"line":22,"column":13}}},"fnMap":{"0":{"name":"(anonymous_0)","decl":{"start":{"line":2,"column":2},"end":{"line":2,"column":30}},"loc":{"start":{"line":2,"column":80},"end":{"line":15,"column":3}}},"1":{"name":"(anonymous_1)","decl":{"start":{"line":17,"column":2},"end":{"line":17,"column":6}},"loc":{"start":{"line":17,"column":20},"end":{"line":19,"column":3}}},"2":{"name":"(anonymous_2)","decl":{"start":{"line":23,"column":2},"end":{"line":23,"column":30}},"loc":{"start":{"line":23,"column":43},"end":{"line":28,"column":3}}}},"branchMap":{"0":{"loc":{"start":{"line":3,"column":4},"end":{"line":5,"column":5}},"type":"if","locations":[{"start":{"line":3,"column":4},"end":{"line":5,"column":5}},{"start":{},"end":{}}]},"1":{"loc":{"start":{"line":6,"column":4},"end":{"line":8,"column":5}},"type":"if","locations":[{"start":{"line":6,"column":4},"end":{"line":8,"column":5}},{"start":{},"end":{}}]},"2":{"loc":{"start":{"line":9,"column":4},"end":{"line":11,"column":5}},"type":"if","locations":[{"start":{"line":9,"column":4},"end":{"line":11,"column":5}},{"start":{},"end":{}}]},"3":{"loc":{"start":{"line":9,"column":8},"end":{"line":9,"column":54}},"type":"binary-expr","locations":[{"start":{"line":9,"column":8},"end":{"line":9,"column":29}},{"start":{"line":9,"column":33},"end":{"line":9,"column":54}}]},"4":{"loc":{"start":{"line":12,"column":4},"end":{"line":14,"column":5}},"type":"if","locations":[{"start":{"line":12,"column":4},"end":{"line":14,"column":5}},{"start":{},"end":{}}]},"5":{"loc":{"start":{"line":12,"column":8},"end":{"line":12,"column":47}},"type":"binary-expr","locations":[{"start":{"line":12,"column":8},"end":{"line":12,"column":25}},{"start":{"line":12,"column":29},"end":{"line":12,"column":47}}]},"6":{"loc":{"start":{"line":25,"column":4},"end":{"line":27,"column":5}},"type":"if","locations":[{"start":{"line":25,"column":4},"end":{"line":27,"column":5}},{"start":{},"end":{}}]}},"s":{"0":9,"1":9,"2":9,"3":1,"4":8,"5":1,"6":7,"7":1,"8":6,"9":2,"10":4,"11":2,"12":6,"13":6,"14":6,"15":3,"16":2},"f":{"0":9,"1":4,"2":6},"b":{"0":[1,8],"1":[1,7],"2":[1,6],"3":[7,7],"4":[2,4],"5":[6,5],"6":[3,3]}}
,"/home/lucas/Proyectos/Prueba Whatsapp/src/tests/cfp412Mockup.ts": {"path":"/home/lucas/Proyectos/Prueba Whatsapp/src/tests/cfp412Mockup.ts","statementMap":{"0":{"start":{"line":3,"column":13},"end":{"line":125,"column":2}}},"fnMap":{},"branchMap":{},"s":{"0":1},"f":{},"b":{}}
}
