TN:
SF:src/application/SessionLeadManager.ts
FN:8,(anonymous_0)
FN:13,(anonymous_1)
FN:24,(anonymous_2)
FN:49,(anonymous_3)
FN:65,(anonymous_4)
FNF:5
FNH:5
FNDA:3,(anonymous_0)
FNDA:7,(anonymous_1)
FNDA:3,(anonymous_2)
FNDA:3,(anonymous_3)
FNDA:3,(anonymous_4)
DA:1,1
DA:4,1
DA:6,3
DA:8,3
DA:14,7
DA:15,3
DA:17,7
DA:18,7
DA:25,3
DA:26,3
DA:27,1
DA:30,1
DA:31,1
DA:34,0
DA:35,0
DA:38,0
DA:40,0
DA:43,2
DA:50,3
DA:51,3
DA:52,1
DA:53,1
DA:55,0
DA:58,2
DA:66,3
DA:67,3
DA:69,3
DA:70,3
DA:73,3
DA:74,3
DA:77,3
DA:78,1
DA:83,1
DA:86,2
DA:87,1
DA:93,1
DA:96,1
DA:97,1
DA:103,1
DA:107,3
LF:40
LH:35
BRDA:14,0,0,3
BRDA:14,0,1,4
BRDA:26,1,0,1
BRDA:26,1,1,2
BRDA:30,2,0,1
BRDA:30,2,1,0
BRDA:34,3,0,0
BRDA:34,3,1,0
BRDA:51,4,0,1
BRDA:51,4,1,2
BRDA:67,5,0,0
BRDA:67,5,1,3
BRDA:70,6,0,3
BRDA:70,6,1,1
BRDA:77,7,0,1
BRDA:77,7,1,2
BRDA:86,8,0,1
BRDA:86,8,1,1
BRDA:96,9,0,1
BRDA:96,9,1,0
BRDA:96,10,0,1
BRDA:96,10,1,0
BRDA:96,10,2,0
BRF:23
BRH:16
end_of_record
TN:
SF:src/domain/Lead.ts
FN:2,(anonymous_0)
FN:17,(anonymous_1)
FN:23,(anonymous_2)
FNF:3
FNH:3
FNDA:9,(anonymous_0)
FNDA:4,(anonymous_1)
FNDA:6,(anonymous_2)
DA:1,2
DA:2,9
DA:3,9
DA:4,1
DA:6,8
DA:7,1
DA:9,7
DA:10,1
DA:12,6
DA:13,2
DA:18,4
DA:22,2
DA:23,6
DA:24,6
DA:25,6
DA:26,3
LF:16
LH:16
BRDA:3,0,0,1
BRDA:3,0,1,8
BRDA:6,1,0,1
BRDA:6,1,1,7
BRDA:9,2,0,1
BRDA:9,2,1,6
BRDA:9,3,0,7
BRDA:9,3,1,7
BRDA:12,4,0,2
BRDA:12,4,1,4
BRDA:12,5,0,6
BRDA:12,5,1,5
BRDA:25,6,0,3
BRDA:25,6,1,3
BRF:14
BRH:14
end_of_record
TN:
SF:src/tests/cfp412Mockup.ts
FNF:0
FNH:0
DA:3,1
LF:1
LH:1
BRF:0
BRH:0
end_of_record
