TN:
SF:src/application/SessionLeadManager.ts
FN:9,(anonymous_0)
FN:14,(anonymous_1)
FN:31,(anonymous_2)
FN:38,(anonymous_3)
FN:46,(anonymous_4)
FN:57,(anonymous_5)
FN:64,(anonymous_6)
FN:75,(anonymous_7)
FN:87,(anonymous_8)
FNF:9
FNH:9
FNDA:14,(anonymous_0)
FNDA:4,(anonymous_1)
FNDA:8,(anonymous_2)
FNDA:5,(anonymous_3)
FNDA:11,(anonymous_4)
FNDA:15,(anonymous_5)
FNDA:6,(anonymous_6)
FNDA:6,(anonymous_7)
FNDA:9,(anonymous_8)
DA:1,3
DA:3,3
DA:5,3
DA:7,14
DA:9,14
DA:15,4
DA:16,4
DA:18,4
DA:19,4
DA:20,4
DA:21,5
DA:22,4
DA:32,8
DA:39,5
DA:40,5
DA:47,11
DA:48,4
DA:50,11
DA:51,11
DA:58,15
DA:65,6
DA:66,6
DA:68,2
DA:76,6
DA:77,6
DA:79,5
DA:88,9
DA:89,9
DA:91,6
DA:92,6
DA:93,6
DA:96,6
DA:97,6
DA:100,6
DA:101,1
DA:107,1
DA:110,5
DA:111,1
DA:117,1
DA:120,4
DA:121,4
DA:127,4
DA:131,6
LF:43
LH:43
BRDA:15,0,0,4
BRDA:15,0,1,0
BRDA:18,1,0,4
BRDA:18,1,1,0
BRDA:21,2,0,4
BRDA:21,2,1,1
BRDA:21,3,0,5
BRDA:21,3,1,5
BRDA:40,4,0,5
BRDA:40,4,1,2
BRDA:47,5,0,4
BRDA:47,5,1,7
BRDA:89,6,0,3
BRDA:89,6,1,6
BRDA:92,7,0,6
BRDA:92,7,1,3
BRDA:92,7,2,3
BRDA:92,7,3,1
BRDA:93,8,0,6
BRDA:93,8,1,6
BRDA:93,8,2,6
BRDA:93,8,3,4
BRDA:100,9,0,1
BRDA:100,9,1,5
BRDA:110,10,0,1
BRDA:110,10,1,4
BRDA:120,11,0,4
BRDA:120,11,1,0
BRDA:120,12,0,4
BRDA:120,12,1,2
BRDA:120,12,2,0
BRF:31
BRH:27
end_of_record
TN:
SF:src/config/config.ts
FN:24,loadConfig
FNF:1
FNH:1
FNDA:4,loadConfig
DA:1,1
DA:2,1
DA:24,1
DA:25,4
DA:27,4
DA:28,4
DA:29,4
DA:31,0
DA:32,0
DA:48,4
DA:49,1
DA:52,4
DA:53,1
DA:56,4
DA:57,3
DA:58,3
DA:59,3
DA:64,4
DA:65,0
DA:68,4
DA:71,4
DA:72,4
DA:73,4
DA:74,4
DA:77,4
DA:78,4
DA:81,4
DA:82,4
DA:83,2
DA:84,2
DA:90,2
DA:91,1
DA:92,1
DA:93,1
DA:94,1
DA:96,1
DA:102,3
LF:37
LH:34
BRDA:48,0,0,1
BRDA:48,0,1,3
BRDA:48,1,0,4
BRDA:48,1,1,4
BRDA:52,2,0,1
BRDA:52,2,1,3
BRDA:56,3,0,3
BRDA:56,3,1,1
BRDA:58,4,0,3
BRDA:58,4,1,0
BRDA:58,5,0,3
BRDA:58,5,1,2
BRDA:58,5,2,0
BRDA:58,5,3,0
BRDA:64,6,0,0
BRDA:64,6,1,4
BRDA:71,7,0,4
BRDA:71,7,1,4
BRDA:71,7,2,4
BRDA:72,8,0,4
BRDA:72,8,1,4
BRDA:72,8,2,4
BRDA:73,9,0,4
BRDA:73,9,1,4
BRDA:73,9,2,4
BRDA:74,10,0,4
BRDA:74,10,1,3
BRDA:74,10,2,3
BRDA:77,11,0,4
BRDA:77,11,1,4
BRDA:77,11,2,0
BRDA:78,12,0,4
BRDA:78,12,1,4
BRDA:78,12,2,0
BRDA:81,13,0,4
BRDA:81,13,1,0
BRDA:82,14,0,2
BRDA:82,14,1,2
BRDA:82,15,0,4
BRDA:82,15,1,2
BRDA:82,15,2,2
BRDA:83,16,0,2
BRDA:83,16,1,1
BRDA:85,17,0,2
BRDA:85,17,1,0
BRDA:85,17,2,0
BRDA:85,17,3,0
BRDA:85,17,4,0
BRDA:85,17,5,0
BRDA:90,18,0,1
BRDA:90,18,1,1
BRDA:90,19,0,2
BRDA:90,19,1,1
BRDA:92,20,0,1
BRDA:92,20,1,0
BRDA:93,21,0,1
BRDA:93,21,1,0
BRDA:94,22,0,1
BRDA:94,22,1,0
BRF:59
BRH:44
end_of_record
TN:
SF:src/domain/Lead.ts
FN:2,(anonymous_0)
FN:17,(anonymous_1)
FN:21,(anonymous_2)
FN:37,(anonymous_3)
FN:44,(anonymous_4)
FNF:5
FNH:5
FNDA:25,(anonymous_0)
FNDA:6,(anonymous_1)
FNDA:20,(anonymous_2)
FNDA:11,(anonymous_3)
FNDA:13,(anonymous_4)
DA:1,6
DA:2,25
DA:3,25
DA:4,1
DA:6,24
DA:7,1
DA:9,23
DA:10,1
DA:12,22
DA:13,2
DA:18,6
DA:22,20
DA:23,20
DA:24,5
DA:26,15
DA:27,13
DA:29,2
DA:30,1
DA:32,1
DA:36,6
DA:37,11
DA:38,11
DA:39,11
DA:40,3
DA:45,13
DA:46,13
DA:47,9
DA:49,4
LF:28
LH:28
BRDA:3,0,0,1
BRDA:3,0,1,24
BRDA:6,1,0,1
BRDA:6,1,1,23
BRDA:9,2,0,1
BRDA:9,2,1,22
BRDA:9,3,0,23
BRDA:9,3,1,23
BRDA:12,4,0,2
BRDA:12,4,1,20
BRDA:12,5,0,22
BRDA:12,5,1,21
BRDA:23,6,0,5
BRDA:23,6,1,15
BRDA:26,7,0,13
BRDA:26,7,1,2
BRDA:29,8,0,1
BRDA:29,8,1,1
BRDA:39,9,0,3
BRDA:39,9,1,8
BRDA:46,10,0,9
BRDA:46,10,1,4
BRF:22
BRH:22
end_of_record
TN:
SF:src/domain/LeadValidator.ts
FN:8,(anonymous_0)
FNF:1
FNH:1
FNDA:24,(anonymous_0)
DA:1,4
DA:3,4
DA:9,24
DA:11,24
DA:12,24
DA:13,10
DA:14,8
DA:17,14
DA:18,5
DA:19,2
DA:22,9
DA:23,5
DA:24,3
DA:26,2
DA:29,4
DA:31,5
LF:16
LH:16
BRDA:12,0,0,10
BRDA:12,0,1,14
BRDA:12,1,0,24
BRDA:12,1,1,14
BRDA:17,2,0,5
BRDA:17,2,1,9
BRDA:17,3,0,14
BRDA:17,3,1,10
BRDA:17,3,2,9
BRDA:22,4,0,5
BRDA:22,4,1,4
BRDA:23,5,0,3
BRDA:23,5,1,2
BRDA:23,6,0,5
BRDA:23,6,1,4
BRDA:31,7,0,5
BRDA:31,7,1,0
BRF:17
BRH:16
end_of_record
TN:
SF:src/infrastructure/adapters/ConsoleAdapter.ts
FN:12,(anonymous_9)
FN:25,(anonymous_10)
FN:29,(anonymous_11)
FN:30,(anonymous_12)
FN:78,(anonymous_13)
FNF:5
FNH:5
FNDA:3,(anonymous_9)
FNDA:7,(anonymous_10)
FNDA:7,(anonymous_11)
FNDA:6,(anonymous_12)
FNDA:3,(anonymous_13)
DA:1,1
DA:2,1
DA:3,1
DA:6,1
DA:13,3
DA:14,3
DA:17,3
DA:19,3
DA:26,7
DA:30,7
DA:31,6
DA:32,2
DA:33,2
DA:34,2
DA:35,2
DA:36,2
DA:39,4
DA:40,4
DA:41,4
DA:42,4
DA:43,1
DA:44,1
DA:45,1
DA:46,1
DA:50,3
DA:52,3
DA:53,2
DA:54,2
DA:56,2
DA:59,2
DA:60,1
DA:62,2
DA:65,2
DA:66,1
DA:67,1
DA:70,1
DA:71,1
DA:74,3
DA:79,3
DA:80,3
DA:81,3
DA:82,3
DA:84,3
DA:85,3
DA:86,3
DA:88,3
DA:90,3
LF:47
LH:47
BRDA:31,0,0,2
BRDA:31,0,1,4
BRDA:31,1,0,6
BRDA:31,1,1,5
BRDA:40,2,0,4
BRDA:40,2,1,0
BRDA:42,3,0,1
BRDA:42,3,1,3
BRDA:52,4,0,2
BRDA:52,4,1,1
BRDA:53,5,0,2
BRDA:53,5,1,0
BRDA:59,6,0,1
BRDA:59,6,1,1
BRDA:65,7,0,1
BRDA:65,7,1,1
BRDA:65,8,0,2
BRDA:65,8,1,1
BRDA:85,9,0,3
BRDA:85,9,1,0
BRF:20
BRH:17
end_of_record
TN:
SF:src/infrastructure/adapters/GoogleSheetsAdapter.ts
FN:17,(anonymous_9)
FN:27,(anonymous_10)
FN:42,(anonymous_11)
FN:67,(anonymous_12)
FN:71,(anonymous_13)
FN:78,(anonymous_14)
FN:80,(anonymous_15)
FN:81,(anonymous_16)
FN:95,(anonymous_17)
FN:104,(anonymous_18)
FN:108,(anonymous_19)
FN:115,(anonymous_20)
FN:117,(anonymous_21)
FN:118,(anonymous_22)
FN:128,(anonymous_23)
FN:137,(anonymous_24)
FN:157,(anonymous_25)
FN:165,(anonymous_26)
FN:167,(anonymous_27)
FN:168,(anonymous_28)
FN:179,(anonymous_29)
FN:197,(anonymous_30)
FN:207,(anonymous_31)
FN:214,(anonymous_32)
FN:216,(anonymous_33)
FN:217,(anonymous_34)
FN:231,(anonymous_35)
FNF:27
FNH:23
FNDA:9,(anonymous_9)
FNDA:3,(anonymous_10)
FNDA:6,(anonymous_11)
FNDA:3,(anonymous_12)
FNDA:3,(anonymous_13)
FNDA:3,(anonymous_14)
FNDA:3,(anonymous_15)
FNDA:3,(anonymous_16)
FNDA:0,(anonymous_17)
FNDA:2,(anonymous_18)
FNDA:2,(anonymous_19)
FNDA:2,(anonymous_20)
FNDA:2,(anonymous_21)
FNDA:2,(anonymous_22)
FNDA:0,(anonymous_23)
FNDA:6,(anonymous_24)
FNDA:1,(anonymous_25)
FNDA:1,(anonymous_26)
FNDA:1,(anonymous_27)
FNDA:1,(anonymous_28)
FNDA:0,(anonymous_29)
FNDA:3,(anonymous_30)
FNDA:1,(anonymous_31)
FNDA:1,(anonymous_32)
FNDA:1,(anonymous_33)
FNDA:1,(anonymous_34)
FNDA:0,(anonymous_35)
DA:1,2
DA:2,2
DA:11,2
DA:18,9
DA:19,9
DA:20,9
DA:21,9
DA:28,3
DA:33,3
DA:34,3
DA:42,3
DA:43,6
DA:50,3
DA:51,3
DA:52,3
DA:54,3
DA:55,3
DA:56,3
DA:61,3
DA:68,3
DA:69,3
DA:71,3
DA:72,3
DA:79,3
DA:80,3
DA:81,3
DA:82,3
DA:83,2
DA:84,2
DA:85,2
DA:87,0
DA:90,1
DA:95,3
DA:96,3
DA:97,3
DA:105,2
DA:106,2
DA:108,2
DA:109,2
DA:116,2
DA:117,2
DA:118,2
DA:119,2
DA:120,1
DA:121,1
DA:123,1
DA:128,2
DA:129,2
DA:130,2
DA:138,6
DA:139,2
DA:140,2
DA:142,1
DA:143,1
DA:147,4
DA:148,2
DA:149,2
DA:150,1
DA:151,1
DA:155,1
DA:157,1
DA:158,1
DA:166,1
DA:167,1
DA:168,1
DA:169,1
DA:170,1
DA:171,1
DA:173,0
DA:174,0
DA:179,1
DA:180,1
DA:181,1
DA:184,1
DA:185,1
DA:189,2
DA:190,2
DA:191,2
DA:198,3
DA:199,2
DA:202,1
DA:203,1
DA:204,1
DA:205,1
DA:207,1
DA:208,1
DA:215,1
DA:216,1
DA:217,1
DA:218,1
DA:219,1
DA:220,1
DA:221,1
DA:223,0
DA:226,0
DA:231,1
DA:232,1
DA:235,0
DA:236,0
LF:99
LH:92
BRDA:17,0,0,0
BRDA:18,1,0,9
BRDA:18,1,1,6
BRDA:18,1,2,6
BRDA:19,2,0,9
BRDA:19,2,1,6
BRDA:19,2,2,6
BRDA:20,3,0,9
BRDA:20,3,1,6
BRDA:20,3,2,6
BRDA:21,4,0,9
BRDA:21,4,1,7
BRDA:21,4,2,7
BRDA:82,5,0,2
BRDA:82,5,1,1
BRDA:82,6,0,3
BRDA:82,6,1,3
BRDA:82,6,2,3
BRDA:119,7,0,1
BRDA:119,7,1,1
BRDA:119,8,0,2
BRDA:119,8,1,2
BRDA:119,8,2,2
BRDA:138,9,0,2
BRDA:138,9,1,4
BRDA:147,10,0,2
BRDA:147,10,1,2
BRDA:147,11,0,4
BRDA:147,11,1,2
BRDA:147,11,2,2
BRDA:169,12,0,1
BRDA:169,12,1,0
BRDA:169,13,0,1
BRDA:169,13,1,1
BRDA:169,13,2,1
BRDA:197,14,0,3
BRDA:198,15,0,2
BRDA:198,15,1,1
BRDA:198,16,0,3
BRDA:198,16,1,1
BRDA:198,16,2,1
BRDA:218,17,0,1
BRDA:218,17,1,0
BRDA:218,18,0,1
BRDA:218,18,1,1
BRDA:218,18,2,1
BRDA:221,19,0,1
BRDA:221,19,1,0
BRF:48
BRH:44
end_of_record
TN:
SF:src/infrastructure/adapters/WhatsAppAdapter.ts
FN:21,(anonymous_10)
FN:26,(anonymous_11)
FN:40,(anonymous_12)
FN:62,(anonymous_13)
FN:97,(anonymous_14)
FNF:5
FNH:5
FNDA:5,(anonymous_10)
FNDA:5,(anonymous_11)
FNDA:3,(anonymous_12)
FNDA:12,(anonymous_13)
FNDA:8,(anonymous_14)
DA:1,1
DA:2,1
DA:3,1
DA:5,1
DA:6,1
DA:7,1
DA:16,1
DA:17,5
DA:22,5
DA:23,5
DA:27,5
DA:30,5
DA:32,5
DA:38,5
DA:40,5
DA:41,3
DA:43,3
DA:44,1
DA:45,1
DA:48,3
DA:49,1
DA:50,1
DA:52,1
DA:53,0
DA:55,1
DA:57,2
DA:58,1
DA:62,5
DA:64,12
DA:66,11
DA:69,11
DA:71,10
DA:74,10
DA:75,2
DA:79,8
DA:80,8
DA:85,8
DA:87,8
DA:89,8
DA:90,8
DA:92,0
DA:99,8
DA:100,3
DA:101,3
DA:103,3
DA:104,3
DA:110,3
DA:111,3
DA:116,3
DA:117,3
DA:118,3
DA:119,3
DA:122,5
DA:125,5
DA:126,1
DA:127,1
DA:128,1
DA:129,1
DA:133,4
DA:134,4
DA:135,2
DA:136,2
DA:137,1
DA:138,1
DA:139,1
DA:144,3
DA:146,3
DA:148,3
DA:149,1
DA:152,3
DA:155,3
DA:156,1
DA:157,1
DA:158,1
DA:160,1
DA:161,1
DA:162,1
DA:166,3
DA:167,3
DA:170,3
DA:171,1
DA:172,1
DA:173,1
DA:177,0
DA:178,0
DA:179,0
LF:86
LH:81
BRDA:43,0,0,1
BRDA:43,0,1,2
BRDA:48,1,0,1
BRDA:48,1,1,2
BRDA:52,2,0,0
BRDA:52,2,1,1
BRDA:57,3,0,1
BRDA:57,3,1,1
BRDA:64,4,0,1
BRDA:64,4,1,11
BRDA:69,5,0,1
BRDA:69,5,1,10
BRDA:69,6,0,11
BRDA:69,6,1,11
BRDA:69,6,2,11
BRDA:69,6,3,10
BRDA:74,7,0,2
BRDA:74,7,1,8
BRDA:74,8,0,10
BRDA:74,8,1,9
BRDA:74,8,2,9
BRDA:79,9,0,8
BRDA:79,9,1,8
BRDA:80,10,0,8
BRDA:80,10,1,0
BRDA:80,10,2,0
BRDA:80,10,3,0
BRDA:85,11,0,0
BRDA:85,11,1,8
BRDA:99,12,0,3
BRDA:99,12,1,5
BRDA:125,13,0,1
BRDA:125,13,1,4
BRDA:125,14,0,5
BRDA:125,14,1,4
BRDA:134,15,0,2
BRDA:134,15,1,2
BRDA:136,16,0,1
BRDA:136,16,1,1
BRDA:146,17,0,3
BRDA:146,17,1,0
BRDA:148,18,0,1
BRDA:148,18,1,2
BRDA:155,19,0,4
BRDA:155,19,1,4
BRDA:155,19,2,3
BRDA:161,20,0,0
BRDA:161,20,1,1
BRDA:170,21,0,1
BRDA:170,21,1,2
BRDA:170,22,0,3
BRDA:170,22,1,2
BRF:52
BRH:45
end_of_record
TN:
SF:src/infrastructure/repositories/CompositeLeadRepository.ts
FN:7,(anonymous_0)
FN:11,(anonymous_1)
FN:12,(anonymous_2)
FN:13,(anonymous_3)
FN:20,(anonymous_4)
FN:21,(anonymous_5)
FN:22,(anonymous_6)
FNF:7
FNH:7
FNDA:2,(anonymous_0)
FNDA:1,(anonymous_1)
FNDA:2,(anonymous_2)
FNDA:1,(anonymous_3)
FNDA:1,(anonymous_4)
FNDA:2,(anonymous_5)
FNDA:1,(anonymous_6)
DA:4,1
DA:8,2
DA:12,1
DA:13,2
DA:14,1
DA:17,1
DA:21,1
DA:22,2
DA:23,1
DA:26,1
LF:10
LH:10
BRF:0
BRH:0
end_of_record
TN:
SF:src/infrastructure/repositories/CsvLeadRepository.ts
FN:10,(anonymous_9)
FN:19,(anonymous_10)
FN:28,(anonymous_11)
FN:37,(anonymous_12)
FN:44,(anonymous_13)
FN:49,(anonymous_14)
FN:56,(anonymous_15)
FNF:7
FNH:7
FNDA:4,(anonymous_9)
FNDA:4,(anonymous_10)
FNDA:10,(anonymous_11)
FNDA:1,(anonymous_12)
FNDA:5,(anonymous_13)
FNDA:1,(anonymous_14)
FNDA:5,(anonymous_15)
DA:1,1
DA:2,1
DA:6,1
DA:11,4
DA:12,2
DA:14,4
DA:15,4
DA:16,4
DA:20,4
DA:21,2
DA:23,4
DA:24,2
DA:30,10
DA:31,10
DA:32,2
DA:34,8
DA:38,1
DA:44,5
DA:46,1
DA:50,1
DA:56,5
DA:58,1
LF:22
LH:22
BRDA:10,0,0,0
BRDA:11,1,0,2
BRDA:11,1,1,2
BRDA:20,2,0,2
BRDA:20,2,1,2
BRDA:23,3,0,2
BRDA:23,3,1,2
BRDA:31,4,0,2
BRDA:31,4,1,8
BRDA:40,5,0,1
BRDA:40,5,1,0
BRDA:41,6,0,1
BRDA:41,6,1,0
BRDA:42,7,0,1
BRDA:42,7,1,0
BRDA:43,8,0,1
BRDA:43,8,1,0
BRDA:52,9,0,1
BRDA:52,9,1,0
BRDA:53,10,0,1
BRDA:53,10,1,0
BRDA:54,11,0,1
BRDA:54,11,1,0
BRDA:55,12,0,1
BRDA:55,12,1,0
BRF:25
BRH:16
end_of_record
TN:
SF:src/infrastructure/repositories/GoogleSheetsLeadRepository.ts
FN:15,(anonymous_0)
FN:22,(anonymous_1)
FN:29,(anonymous_2)
FN:46,(anonymous_3)
FN:63,(anonymous_4)
FN:70,(anonymous_5)
FNF:6
FNH:6
FNDA:5,(anonymous_0)
FNDA:4,(anonymous_1)
FNDA:2,(anonymous_2)
FNDA:2,(anonymous_3)
FNDA:2,(anonymous_4)
FNDA:2,(anonymous_5)
DA:3,1
DA:10,1
DA:16,5
DA:18,5
DA:19,5
DA:23,4
DA:30,2
DA:31,2
DA:40,2
DA:47,2
DA:48,2
DA:57,2
DA:64,2
DA:71,2
LF:14
LH:14
BRDA:15,0,0,0
BRDA:16,1,0,5
BRDA:16,1,1,4
BRDA:18,2,0,5
BRDA:18,2,1,4
BRDA:18,2,2,4
BRDA:19,3,0,5
BRDA:19,3,1,4
BRDA:19,3,2,4
BRDA:34,4,0,2
BRDA:34,4,1,0
BRDA:35,5,0,2
BRDA:35,5,1,2
BRDA:36,6,0,2
BRDA:36,6,1,2
BRDA:37,7,0,2
BRDA:37,7,1,2
BRDA:51,8,0,2
BRDA:51,8,1,0
BRDA:52,9,0,2
BRDA:52,9,1,2
BRDA:53,10,0,2
BRDA:53,10,1,2
BRDA:54,11,0,2
BRDA:54,11,1,2
BRF:25
BRH:22
end_of_record
TN:
SF:src/infrastructure/repositories/LeadRepositoryFactory.ts
FN:17,(anonymous_0)
FN:57,createLeadRepository
FNF:2
FNH:2
FNDA:3,(anonymous_0)
FNDA:1,createLeadRepository
DA:2,1
DA:3,1
DA:4,1
DA:9,1
DA:18,3
DA:20,3
DA:21,1
DA:22,1
DA:32,2
DA:33,1
DA:34,1
DA:35,1
DA:36,1
DA:45,1
DA:49,1
DA:50,1
DA:57,1
DA:58,1
LF:18
LH:18
BRDA:17,0,0,0
BRDA:18,1,0,3
BRDA:18,1,1,0
BRDA:20,2,0,1
BRDA:20,2,1,2
BRDA:20,3,0,3
BRDA:20,3,1,2
BRDA:21,4,0,1
BRDA:21,4,1,1
BRDA:32,5,0,1
BRDA:32,5,1,1
BRDA:33,6,0,1
BRDA:33,6,1,1
BRDA:35,7,0,1
BRDA:35,7,1,1
BRDA:49,8,0,1
BRDA:49,8,1,1
BRDA:57,9,0,0
BRF:18
BRH:15
end_of_record
TN:
SF:src/infrastructure/utils/SessionIdGenerator.ts
FN:9,(anonymous_9)
FNF:1
FNH:1
FNDA:4,(anonymous_9)
DA:1,2
DA:2,2
DA:4,2
DA:11,4
DA:12,4
DA:14,4
DA:15,8
DA:16,8
DA:17,8
DA:18,12
DA:19,4
DA:20,4
DA:24,8
DA:28,4
DA:31,4
DA:34,4
DA:37,4
LF:17
LH:17
BRDA:16,0,0,8
BRDA:16,0,1,0
BRDA:18,1,0,4
BRDA:18,1,1,8
BRDA:18,2,0,12
BRDA:18,2,1,4
BRDA:24,3,0,4
BRDA:24,3,1,4
BRF:8
BRH:7
end_of_record
